[vasanashop.com/index.html]
[backblue.gif]
[fade.gif]
[index.html]
[vasanashop.com/cdn/shop/t/2/assets/constants2715.js]
[vasanashop.com/cdn/shop/t/2/assets/pubsub01db.js]
[vasanashop.com/cdn/shop/t/2/assets/global9fbb.js]
[vasanashop.com/checkouts/internal/preloadse1d6.js]
[vasanashop.com/cdn/shopifycloud/shopify/assets/storefront/load_feature-c354cc1bc6f1fafc3e06e39f4fb0e1d9abdf763072ca394d606ca9f6f241e68a.js]
[vasanashop.com/cdn/shopifycloud/portable-wallets/latest/portable-wallets.en.js]
[vasanashop.com/cdn/shop/t/2/compiled_assets/scriptscfec.js]
[vasanashop.com/cdn/shopifycloud/portable-wallets/latest/accelerated-checkout-backwards-compat.css]
[vasanashop.com/cdn/fonts/quattrocento_sans/quattrocentosans_n4.b43a78e6b8b9780ef5893d83cd043417f12e0d993d45.woff2]
[vasanashop.com/cdn/fonts/quattrocento_sans/quattrocentosans_n4.19c4a084d66bf65371b1784dad52aa1acf657cdd5d34.woff]
[vasanashop.com/cdn/fonts/quattrocento_sans/quattrocentosans_n7.3aa8bd40fbad0fb4d493af9ef60d80c7dc39d34e6dd4.woff2]
[vasanashop.com/cdn/fonts/quattrocento_sans/quattrocentosans_n7.e5214af0eb400455ab60a0d1b9aee6be554f16be5765.woff]
[vasanashop.com/cdn/fonts/quattrocento_sans/quattrocentosans_i4.05e513d210c064197634a6efb30ba9f47e76338d6229.woff2]
[vasanashop.com/cdn/fonts/quattrocento_sans/quattrocentosans_i4.ff64670d7818e5cbd12e36eda543508a8301030369ca.woff]
[vasanashop.com/cdn/fonts/quattrocento_sans/quattrocentosans_i7.564e5b9e0e697bff7dfaf701660d797279f176063617.woff2]
[vasanashop.com/cdn/fonts/quattrocento_sans/quattrocentosans_i7.426503744cfa0a672b1956d7e2bc9a76947c65e25c8f.woff]
[vasanashop.com/cdn/fonts/americana/americana_n4.e48f0c04dfcd15cf0297d6a79006cabda02b0d13a43a.woff2]
[vasanashop.com/cdn/fonts/americana/americana_n4.82fd6d36971133e9a39ac8d8783e24cfd710a2de51e5.woff]
[vasanashop.com/cdn/shop/t/2/assets/base3b74.css]
[vasanashop.com/cdn/shop/t/2/assets/component-predictive-search73a4.css]
[vasanashop.com/POST]
[vasanashop.com/cdn]
[vasanashop.com/cdn/s/trekkie.storefront.423a314223fb7e8d7c94337fcd62d7ad8c06d7a5.min.js]
[vasanashop.com/cdn/shopifycloud/shopify/assets/shop_events_listener-f55dd2979ec32029c7d9e0b454ab8b33f79c01ca039d17a6f5c9b95647564b19.js]
[vasanashop.com/cdn/shopifycloud/perf-kit/shopify-perf-kit-1.6.1.min.js]
[vasanashop.com/cdn/shop/t/2/assets/component-list-menu9a7e.css]
[vasanashop.com/cdn/shop/t/2/assets/component-search0945.css]
[vasanashop.com/cdn/shop/t/2/assets/component-menu-drawer2a39.css]
[vasanashop.com/cdn/shop/t/2/assets/component-cart-notificationc4c9.css]
[vasanashop.com/cdn/shop/t/2/assets/component-cart-itemsb766.css]
[vasanashop.com/cdn/shop/t/2/assets/component-priceb9b0.css]
[vasanashop.com/cdn/shop/t/2/assets/component-loading-overlay94ac.css]
[vasanashop.com/cdn/shop/t/2/assets/component-mega-menuc290.css]
[vasanashop.com/cdn/shop/t/2/assets/details-disclosured708.js]
[vasanashop.com/cdn/shop/t/2/assets/details-modaleed8.js]
[vasanashop.com/cdn/shop/t/2/assets/cart-notificationb04f.js]
[vasanashop.com/cdn/shop/t/2/assets/search-form48d5.js]
[vasanashop.com/collections/decorations.html]
[vasanashop.com/collections/furniture.html]
[vasanashop.com/collections/kitchenware.html]
[vasanashop.com/collections/lamps.html]
[vasanashop.com/collections/restroom-essentials.html]
[vasanashop.com/collections/accessories.html]
[vasanashop.com/collections/linens.html]
[vasanashop.com/collections.html]
[vasanashop.com/cart.html]
[vasanashop.com/cdn/shop/t/2/assets/section-image-bannere22c.css]
[vasanashop.com/cdn/shop/files/iStock-1366426221af80.jpg]
[vasanashop.com/cdn/shop/t/2/assets/component-image-with-text6e68.css]
[vasanashop.com/cdn/shop/t/2/assets/component-rted2cc.css]
[vasanashop.com/cdn/shop/files/nordic_vases1b7e.png]
[vasanashop.com/cdn/shop/t/2/assets/component-sliderd5c5.css]
[vasanashop.com/cdn/shop/t/2/assets/component-slideshow189c.css]
[vasanashop.com/cdn/shop/files/iStock-137228084635dd.jpg]
[vasanashop.com/cdn/shop/files/Neutral_Elegant_Home_Decor_Ideas_Instagram_Post_1366_x_768_px7e81.png]
[vasanashop.com/cdn/shop/t/2/assets/section-collection-listbf79.css]
[vasanashop.com/cdn/shop/t/2/assets/component-carddf3e.css]
[vasanashop.com/cdn/shop/collections/iStock-1423015367ce3d.jpg]
[vasanashop.com/cdn/shop/collections/Picture23ae8.jpg]
[vasanashop.com/cdn/shop/collections/S57babccd4c0942af87227e16dbd5df9eAca49.jpg]
[vasanashop.com/cdn/shop/collections/S1aa9e58c42cb423fa8606e3a2baf0b9bub12d.jpg]
[vasanashop.com/cdn/shop/collections/de_te_vagy_a_fiam_teged_nezlek_a_legjobban_c088ba3e-bd93-4cb2-ad9c-dc18662d092b3dc4.jpg]
[vasanashop.com/cdn/shop/collections/Capture121213ab8.png]
[vasanashop.com/cdn/shop/t/2/assets/section-rich-text6a1f.css]
[vasanashop.com/cdn/shop/t/2/assets/collage8bb5.css]
[vasanashop.com/cdn/shop/t/2/assets/component-modal-video729c.css]
[vasanashop.com/cdn/shop/t/2/assets/component-deferred-media07cf.css]
[vasanashop.com/cdn/shop/files/pexels-houzlook-com-33564168a0f.jpg]
[vasanashop.com/cdn/shop/files/iStock-1212833920328c.jpg]
[vasanashop.com/cdn/shop/files/iStock-1167238695a1b8.jpg]
[vasanashop.com/cdn/shop/files/iStock-1303468834fa6e.jpg]
[vasanashop.com/pages/inquiries.html]
[vasanashop.com/cdn/shop/t/2/assets/section-footer6351.css]
[vasanashop.com/cdn/shop/t/2/assets/component-newsletter6cca.css]
[vasanashop.com/cdn/shop/t/2/assets/component-list-paymentbe94.css]
[vasanashop.com/cdn/shop/t/2/assets/component-list-socialcb2e.css]
[vasanashop.com/cdn/shop/t/2/assets/disclosure3f21.css]
[vasanashop.com/pages/contact-us.html]
[vasanashop.com/pages/orders-refunds.html]
[vasanashop.com/pages/privacy-policy.html]
[vasanashop.com/pages/terms-of-service.html]
[vasanashop.com/pages/shipping-policy.html]
[vasanashop.com/pages/about-us.html]
[vasanashop.com/cdn/shop/files/Untitled_500_x_350_px_300_x_150_px_150_x_50_px_120_x_50_px_300_x_450_px_300_x_250_px_500_x_450_px_500_x_400_px_17c41.png]
[vasanashop.com/index.html]
[vasanashop.com/cdn/shopifycloud/portable-wallets/latest/accelerated-checkout-backwards-compat.css]
[vasanashop.com/cdn/shop/t/2/assets/base3b74.css]
[vasanashop.com/cdn/shop/t/2/assets/component-predictive-search73a4.css]
[vasanashop.com/POST.html]
[vasanashop.com/cdn.html]
[vasanashop.com/cdn/shop/t/2/assets/component-list-menu9a7e.css]
[vasanashop.com/cdn/shop/t/2/assets/component-search0945.css]
[vasanashop.com/cdn/shop/t/2/assets/component-menu-drawer2a39.css]
[vasanashop.com/cdn/shop/t/2/assets/component-cart-notificationc4c9.css]
[vasanashop.com/cdn/shop/t/2/assets/component-cart-itemsb766.css]
[vasanashop.com/cdn/shop/t/2/assets/component-priceb9b0.css]
[vasanashop.com/cdn/shop/t/2/assets/component-loading-overlay94ac.css]
[vasanashop.com/cdn/shop/t/2/assets/component-mega-menuc290.css]
[vasanashop.com/cdn/shop/t/2/assets/predictive-search4e45.js]
[vasanashop.com/collections/decorations.atom]
[vasanashop.com/collections/decorations.oembed]
[vasanashop.com/collections/POST]
[vasanashop.com/cdn/shop/t/2/assets/component-collection-hero6fac.css]
[vasanashop.com/cdn/shop/t/2/assets/template-collectiona373.css]
[vasanashop.com/cdn/shop/t/2/assets/quick-adda119.css]
[vasanashop.com/cdn/shop/t/2/assets/quick-add0785.js]
[vasanashop.com/cdn/shop/t/2/assets/product-form9288.js]
[vasanashop.com/cdn/shop/t/2/assets/component-facetsf0ed.css]
[vasanashop.com/cdn/shop/t/2/assets/facets4c59.js]
[vasanashop.com/cdn/shop/t/2/assets/component-show-more400f.css]
[vasanashop.com/cdn/shop/t/2/assets/show-more74ba.js]
[vasanashop.com/cdn/shop/t/2/assets/component-rating1cb9.css]
[vasanashop.com/cdn/shop/products/ScreenShot2023-03-05at11.22.32PM88d6.png]
[vasanashop.com/products/crystal-bell-peppers.html]
[vasanashop.com/cdn/shop/products/S109a913114c64b089f485c761ebae948e3964.jpg]
[vasanashop.com/products/retro-vases-metallic.html]
[vasanashop.com/cdn/shop/products/Sb5c80cf372194d7d996f90411ed1d986ec283.jpg]
[vasanashop.com/products/nordic-night-owls.html]
[vasanashop.com/cdn/shop/products/Hdd49ad52c96444bba4b54a0d21a1358dV3f06.jpg]
[vasanashop.com/products/canvas-print-abstract.html]
[vasanashop.com/cdn/shop/products/H728b67ab77f04c649729cf7ed3ee44c6oc7b3.jpg]
[vasanashop.com/products/dreamer-astronaut-figure.html]
[vasanashop.com/cdn/shop/products/Hbf74ec7f910249c39d7e37c69861c31ct2297.jpg]
[vasanashop.com/products/home-room-decor-bulldog.html]
[vasanashop.com/cdn/shop/products/H30478f82faba4f26aca36a6d7c8ef78cs920c.jpg]
[vasanashop.com/collections/decorations.html]
[vasanashop.com/products/ceramic-vases.html]
[vasanashop.com/collections/furniture.atom]
[vasanashop.com/collections/furniture.oembed]
[vasanashop.com/cdn/shop/products/Sf89566f789a9411cb3bc2d3a9c2220eaube00.jpg]
[vasanashop.com/products/nordic-marble-table.html]
[vasanashop.com/cdn/shop/products/Sad3c0197deeb4d6e9b035c54e71bc15fp6c64.jpg]
[vasanashop.com/products/classy-living-room-armchair.html]
[vasanashop.com/cdn/shop/products/S00b9f27801204edb87a1cbe5c63c3e0eZ2713.jpg]
[vasanashop.com/products/nordic-living-room-furniture.html]
[vasanashop.com/cdn/shop/products/S4f55fa37012c4fe9bb7a9159e2f1b0f2Efa9f.jpg]
[vasanashop.com/products/storage-cabinets.html]
[vasanashop.com/cdn/shop/products/S5bf75579dfc9424daf76b4df0690ce0aF1e4e.jpg]
[vasanashop.com/products/small-side-table-living-room.html]
[vasanashop.com/cdn/shop/products/S36f538e3780a4982b573cda7e73518fbE57fb.jpg]
[vasanashop.com/products/modern-shoe-armoire.html]
[vasanashop.com/cdn/shop/products/S6bf366e784de44a3908a1338eea4f584Y57fb.jpg]
[vasanashop.com/products/fabric-shoe-stool.html]
[vasanashop.com/cdn/shop/products/S57babccd4c0942af87227e16dbd5df9eA38d3.jpg]
[vasanashop.com/collections/furniture.html]
[vasanashop.com/products/nordic-lounge-chair.html]
[vasanashop.com/collections/kitchenware.atom]
[vasanashop.com/collections/kitchenware.oembed]
[vasanashop.com/cdn/shop/products/Se1f6cf34fc5049e987e026f86684e2a3Qaf10.jpg]
[vasanashop.com/products/vacuum-sealed-coffee-tank.html]
[vasanashop.com/cdn/shop/products/S6d197bb7506b4c7e9058527c9f8633cdf4466.jpg]
[vasanashop.com/products/eastern-coffee-spoon.html]
[vasanashop.com/cdn/shop/products/Sf823f8f98e6b4c82bb5c7a4ad2872241mf9aa.jpg]
[vasanashop.com/products/pillow-plates.html]
[vasanashop.com/cdn/shop/products/Sbcee4d057bb14f90bbe83da4efa2d5175a8b4.jpg]
[vasanashop.com/products/decanter-king-size.html]
[vasanashop.com/cdn/shop/products/HTB1jQyITXzqK1RjSZFCq6zbxVXaX023e.jpg]
[vasanashop.com/products/cone-decanter.html]
[vasanashop.com/cdn/shop/products/H5d55d7ec478647a58ab96740e768c10eT3cd4.jpg]
[vasanashop.com/products/kimchi-jar.html]
[vasanashop.com/cdn/shop/products/ScreenShot2023-03-13at3.00.04PMdf70.png]
[vasanashop.com/products/japanese-wood-trays.html]
[vasanashop.com/cdn/shop/products/H00fe17a806d446bd8ba68d67a7004176o62ba.jpg]
[vasanashop.com/products/nordic-style-egg-tray.html]
[vasanashop.com/cdn/shop/products/H169ae80bef7e4459a108471ba8be13ecQb61a.jpg]
[vasanashop.com/products/nordic-glass-plates.html]
[vasanashop.com/cdn/shop/products/Hd8ece8af48fc4dc395d6fbb7c7acac01Vb348.jpg]
[vasanashop.com/products/japanese-ramen-bowl.html]
[vasanashop.com/cdn/shop/products/newdf85.png]
[vasanashop.com/collections/kitchenware.html]
[vasanashop.com/products/can-cup.html]
[vasanashop.com/collections/lamps.atom]
[vasanashop.com/collections/lamps.oembed]
[vasanashop.com/cdn/shop/products/Hbea992429b2c40d5bbc9df0376c3898dGc9ea.jpg]
[vasanashop.com/products/bedroom-night-lights.html]
[vasanashop.com/cdn/shop/products/HTB1N.mbKuuSBuNjSsziq6zq8pXaZ01dc.jpg]
[vasanashop.com/products/foldable-touch-controlled-desk-lamp.html]
[vasanashop.com/cdn/shop/products/ScreenShot2023-03-03at9.00.11AMa563.png]
[vasanashop.com/products/modern-wall-lamp.html]
[vasanashop.com/cdn/shop/products/HTB1tBwXBZuYBuNkSmRyq6AA3pXa58953.jpg]
[vasanashop.com/products/rotating-wall-lamp.html]
[vasanashop.com/collections/lamps.html]
[vasanashop.com/products/modern-ceiling-chandelier.html]
[vasanashop.com/collections/restroom-essentials.atom]
[vasanashop.com/collections/restroom-essentials.oembed]
[vasanashop.com/cdn/shop/products/H06e28440c22e4d11908823c35621b6b356bc4.jpg]
[vasanashop.com/products/mini-dustbin.html]
[vasanashop.com/cdn/shop/products/Sa9695a49ead6464683c36d025ab98cb0Kc2c5.jpg]
[vasanashop.com/products/resin-four-piece-bathroom-accessory-set.html]
[vasanashop.com/cdn/shop/products/2d434552dbef49879cd63d74912d654b.thumbnail.00000000004570.jpg]
[vasanashop.com/collections/restroom-essentials.html]
[vasanashop.com/products/toilet-roll-paper-holder.html]
[vasanashop.com/collections/accessories.atom]
[vasanashop.com/collections/accessories.oembed]
[vasanashop.com/cdn/shop/products/vacuum70b1.png]
[vasanashop.com/products/dust-mite-vacuum-cleaner.html]
[vasanashop.com/cdn/shop/products/S1aa9e58c42cb423fa8606e3a2baf0b9bu023e.jpg]
[vasanashop.com/products/design-pen-holder.html]
[vasanashop.com/cdn/shop/products/S4c715172306448849af95f9892c0022a0d1ad.jpg]
[vasanashop.com/collections/accessories.html]
[vasanashop.com/products/mug-warmer.html]
[vasanashop.com/collections/linens.atom]
[vasanashop.com/collections/linens.oembed]
[vasanashop.com/cdn/shop/products/HTB1vF7.Xs_vK1Rjy0Foq6xIxVXaa0600.jpg]
[vasanashop.com/products/chunky-knitted-blanket.html]
[vasanashop.com/cdn/shop/products/H7929ab4ae20941338d512cc9812bb4646239a.jpg]
[vasanashop.com/products/hand-knot-cushions.html]
[vasanashop.com/cdn/shop/products/ScreenShot2023-02-26at6.38.36PM8a97.png]
[vasanashop.com/collections/linens.html]
[vasanashop.com/products/french-style-rug.html]
[vasanashop.com/cdn/shop/collections/Sa9695a49ead6464683c36d025ab98cb0Kbca9.jpg]
[vasanashop.com/cdn/shop/t/2/assets/component-paginatione9e9.css]
[vasanashop.com/collections.html]
[vasanashop.com/cdn/shop/t/2/assets/newsletter-section6705.css]
[vasanashop.com/cdn/shop/t/2/assets/component-cartd722.css]
[vasanashop.com/cdn/shop/t/2/assets/component-totals1ae2.css]
[vasanashop.com/cdn/shop/t/2/assets/component-discountsf916.css]
[vasanashop.com/cdn/shop/t/2/assets/cartfa27.js]
[vasanashop.com/collections/all.html]
[vasanashop.com/cart.html]
[vasanashop.com/cdn/shop/t/2/assets/section-image-bannere22c.css]
[vasanashop.com/cdn/shop/t/2/assets/component-image-with-text6e68.css]
[vasanashop.com/cdn/shop/t/2/assets/component-rted2cc.css]
[vasanashop.com/cdn/shop/t/2/assets/component-sliderd5c5.css]
[vasanashop.com/cdn/shop/t/2/assets/component-slideshow189c.css]
[vasanashop.com/cdn/shop/t/2/assets/section-collection-listbf79.css]
[vasanashop.com/cdn/shop/t/2/assets/component-carddf3e.css]
[vasanashop.com/cdn/shop/t/2/assets/section-rich-text6a1f.css]
[vasanashop.com/cdn/shop/t/2/assets/collage8bb5.css]
[vasanashop.com/cdn/shop/t/2/assets/component-modal-video729c.css]
[vasanashop.com/cdn/shop/t/2/assets/component-deferred-media07cf.css]
[vasanashop.com/policies/shipping-policy.html]
[vasanashop.com/Trident/index.html]
[vasanashop.com/pages/POST.13e.delayed]
[vasanashop.com/pages/inquiries.html]
[vasanashop.com/cdn/shop/t/2/assets/section-footer6351.css]
[vasanashop.com/cdn/shop/t/2/assets/component-newsletter6cca.css]
[vasanashop.com/cdn/shop/t/2/assets/component-list-paymentbe94.css]
[vasanashop.com/cdn/shop/t/2/assets/component-list-socialcb2e.css]
[vasanashop.com/cdn/shop/t/2/assets/disclosure3f21.css]
[vasanashop.com/pages/contact-us.html]
[vasanashop.com/pages/orders-refunds.html]
[vasanashop.com/pages/privacy-policy.html]
[vasanashop.com/pages/terms-of-service.html]
[vasanashop.com/pages/shipping-policy.html]
[vasanashop.com/pages/about-us.html]
[vasanashop.com/collections/POST.html]
[vasanashop.com/cdn/shop/t/2/assets/component-collection-hero6fac.css]
[vasanashop.com/cdn/shop/t/2/assets/template-collectiona373.css]
[vasanashop.com/cdn/shop/t/2/assets/quick-adda119.css]
[vasanashop.com/cdn/shop/t/2/assets/component-facetsf0ed.css]
[vasanashop.com/cdn/shop/t/2/assets/component-show-more400f.css]
[vasanashop.com/cdn/shop/t/2/assets/component-rating1cb9.css]
[vasanashop.com/cdn/shop/t/2/assets/section-main-pagefa29.css]
[vasanashop.com/products/crystal-bell-peppers.oembed]
[vasanashop.com/products/POST]
[vasanashop.com/cdn/shop/t/2/assets/section-main-product826b.css]
[vasanashop.com/cdn/shop/t/2/assets/component-accordion7151.css]
[vasanashop.com/cdn/shop/t/2/assets/product-info457b.js]
[vasanashop.com/cdn/shop/products/Hade2ac5eeed849608a34811aebe6524bv9816.jpg]
[vasanashop.com/cdn/shop/products/ScreenShot2023-03-05at11.22.32PM9816.png]
[vasanashop.com/cdn/shop/products/H4062a6676def41a79ff02ba4ba447dffK9816.jpg]
[vasanashop.com/cdn/shop/products/H4e1de3b03bb7456c853dc06d6583dedet9816.jpg]
[vasanashop.com/cdn/shop/products/H5c0618f6654548f8b9f578665de0c82bd9816.jpg]
[vasanashop.com/cdn/shop/products/H2902be9e69674dde98abac2a3eab8f0fa9816.jpg]
[vasanashop.com/cdn/shop/products/H60ef71a39855460088f35038b14bc413I9816.jpg]
[vasanashop.com/cdn/shop/products/Hea10fce111f34c59bce2e45d13c4ecd0O9816.jpg]
[vasanashop.com/cdn/shop/products/He3deff70e4264fe793edad9bc77381dfr9816.jpg]
[vasanashop.com/cdn/shop/products/Hcc4f3d43db8d475db7d2bf087e8fadedS9816.jpg]
[vasanashop.com/cdn/shop/t/2/assets/component-pickup-availability69a2.css]
[vasanashop.com/cdn/shop/t/2/assets/pickup-availability7777.js]
[vasanashop.com/cdn/shop/t/2/assets/share823f.js]
[vasanashop.com/cdn/shop/products/Hade2ac5eeed849608a34811aebe6524bvabf5.jpg]
[vasanashop.com/cdn/shop/products/ScreenShot2023-03-05at11.22.32PMabf5.png]
[vasanashop.com/cdn/shop/products/H4062a6676def41a79ff02ba4ba447dffKabf5.jpg]
[vasanashop.com/cdn/shop/products/H4e1de3b03bb7456c853dc06d6583dedetabf5.jpg]
[vasanashop.com/cdn/shop/products/H5c0618f6654548f8b9f578665de0c82bdabf5.jpg]
[vasanashop.com/cdn/shop/products/H2902be9e69674dde98abac2a3eab8f0faabf5.jpg]
[vasanashop.com/cdn/shop/products/H60ef71a39855460088f35038b14bc413Iabf5.jpg]
[vasanashop.com/cdn/shop/products/Hea10fce111f34c59bce2e45d13c4ecd0Oabf5.jpg]
[vasanashop.com/cdn/shop/products/He3deff70e4264fe793edad9bc77381dfrabf5.jpg]
[vasanashop.com/cdn/shop/products/Hcc4f3d43db8d475db7d2bf087e8fadedSabf5.jpg]
[vasanashop.com/cdn/shop/t/2/assets/product-modal4418.js]
[vasanashop.com/cdn/shop/t/2/assets/media-gallery4c41.js]
[vasanashop.com/cdn/shop/t/2/assets/section-related-products1bb2.css]
[vasanashop.com/products/Trident/index.html]
[vasanashop.com/products/crystal-bell-peppers.html]
[vasanashop.com/cdn/shop/t/2/assets/reviews-importerde2c.css]
[vasanashop.com/products/retro-vases-metallic.oembed]
[vasanashop.com/cdn/shop/products/S8a5a6017b8e24356af740c88d856d7b9D707e.jpg]
[vasanashop.com/cdn/shop/products/S109a913114c64b089f485c761ebae948e4453.jpg]
[vasanashop.com/cdn/shop/products/S74ab52eefcb84659a7f3813d01f7ec61kbc18.jpg]
[vasanashop.com/cdn/shop/products/S38a174526be24e4b814f507e3faea1f1jbb64.jpg]
[vasanashop.com/cdn/shop/products/Sdf7e576adf8840b2af4ff5d3610c2b7eNac07.jpg]
[vasanashop.com/cdn/shop/products/S55d7e14ec1b64a25a78ab022e0003774ycf1b.jpg]
[vasanashop.com/cdn/shop/products/Sfbf2aa813194449b93a71441204c9b37P312d.jpg]
[vasanashop.com/cdn/shop/products/S28b4d609fd144fb1b52352413bfbed64h0141.jpg]
[vasanashop.com/cdn/shop/products/S69b136c740e546019c8fa4904f03a025f4b82.jpg]
[vasanashop.com/cdn/shop/products/S059176b93b9d4efc86e1c5a822dd0d96of126.jpg]
[vasanashop.com/cdn/shop/products/S5319de3bc9554116bc00edf546e2b418yef0f.jpg]
[vasanashop.com/cdn/shop/products/Sa06355e8e88545a5898636967298956fMab97.jpg]
[vasanashop.com/cdn/shop/products/S337e8ba40d67472c965be0034afef03cI896d.jpg]
[vasanashop.com/cdn/shop/products/S81887daa388d4d81bf9e820d640684feR39a4.jpg]
[vasanashop.com/cdn/shop/products/S92c1cc38860e409391011229c93ccac421342.jpg]
[vasanashop.com/cdn/shop/products/Sced815324c8446b783cb24e43150c934U9f2e.jpg]
[vasanashop.com/cdn/shop/products/Sc1cfe2444acd4d448024cf7e2942a782b73dd.jpg]
[vasanashop.com/cdn/shop/products/S3d6a9e8b19d94c89925d270c6e75df92E9a5d.jpg]
[vasanashop.com/cdn/shop/products/S21fee84e597b41a7b04ee90ba8e80092aee99.jpg]
[vasanashop.com/cdn/shop/products/Scf85bb40fb7c44bd8c1113937bba4307P0ee8.jpg]
[vasanashop.com/cdn/shop/products/S62ab9f269a2144408edc715afb1f8441Ac7a1.jpg]
[vasanashop.com/cdn/shop/products/S070393d82b9b41cd805bbcce7a3a4d6ctf736.jpg]
[vasanashop.com/cdn/shop/products/S662772bf6960443d8eb0617b508e5612qb5b0.jpg]
[vasanashop.com/cdn/shop/products/S42ef9f332e014e6cb107dfd32643dfccN23d1.jpg]
[vasanashop.com/cdn/shop/products/S8a5a6017b8e24356af740c88d856d7b9D2469.jpg]
[vasanashop.com/cdn/shop/products/S109a913114c64b089f485c761ebae948ea9a1.jpg]
[vasanashop.com/cdn/shop/products/S74ab52eefcb84659a7f3813d01f7ec61kaf63.jpg]
[vasanashop.com/cdn/shop/products/S38a174526be24e4b814f507e3faea1f1j119e.jpg]
[vasanashop.com/cdn/shop/products/Sdf7e576adf8840b2af4ff5d3610c2b7eNa187.jpg]
[vasanashop.com/cdn/shop/products/S55d7e14ec1b64a25a78ab022e0003774y5ab3.jpg]
[vasanashop.com/cdn/shop/products/Sfbf2aa813194449b93a71441204c9b37Pd1cc.jpg]
[vasanashop.com/cdn/shop/products/S28b4d609fd144fb1b52352413bfbed64h2236.jpg]
[vasanashop.com/cdn/shop/products/S69b136c740e546019c8fa4904f03a025f795b.jpg]
[vasanashop.com/cdn/shop/products/S059176b93b9d4efc86e1c5a822dd0d96ocf3b.jpg]
[vasanashop.com/cdn/shop/products/S5319de3bc9554116bc00edf546e2b418yda22.jpg]
[vasanashop.com/cdn/shop/products/Sa06355e8e88545a5898636967298956fM0a52.jpg]
[vasanashop.com/cdn/shop/products/S337e8ba40d67472c965be0034afef03cI55aa.jpg]
[vasanashop.com/cdn/shop/products/S81887daa388d4d81bf9e820d640684feR3260.jpg]
[vasanashop.com/cdn/shop/products/S92c1cc38860e409391011229c93ccac42acdf.jpg]
[vasanashop.com/cdn/shop/products/Sced815324c8446b783cb24e43150c934Uf606.jpg]
[vasanashop.com/cdn/shop/products/Sc1cfe2444acd4d448024cf7e2942a782bb7ca.jpg]
[vasanashop.com/cdn/shop/products/S3d6a9e8b19d94c89925d270c6e75df92Eac9a.jpg]
[vasanashop.com/cdn/shop/products/S21fee84e597b41a7b04ee90ba8e80092aa6be.jpg]
[vasanashop.com/cdn/shop/products/Scf85bb40fb7c44bd8c1113937bba4307P9c87.jpg]
[vasanashop.com/cdn/shop/products/S62ab9f269a2144408edc715afb1f8441A08c0.jpg]
[vasanashop.com/cdn/shop/products/S070393d82b9b41cd805bbcce7a3a4d6ctabf9.jpg]
[vasanashop.com/cdn/shop/products/S662772bf6960443d8eb0617b508e5612q551f.jpg]
[vasanashop.com/products/retro-vases-metallic.html]
[vasanashop.com/cdn/shop/products/S42ef9f332e014e6cb107dfd32643dfccNb81b.jpg]
[vasanashop.com/products/nordic-night-owls.oembed]
[vasanashop.com/cdn/shop/products/Sf86042c4ef6c4c5ea0a3e225fa0381a51612d.jpg]
[vasanashop.com/cdn/shop/products/Sb5c80cf372194d7d996f90411ed1d986e8dd5.jpg]
[vasanashop.com/cdn/shop/products/S4c05e381892341b2a4ee86a8ace7eb6bG612d.jpg]
[vasanashop.com/cdn/shop/products/Se3c878eaacd341ed9dbf168ef4be64b8w612d.jpg]
[vasanashop.com/cdn/shop/products/S756df24675c24785a9c5f8aa79f297e2df2a9.jpg]
[vasanashop.com/cdn/shop/products/S7e32cdfc4d4849379b2f8a2a3d557b75q837e.jpg]
[vasanashop.com/cdn/shop/products/S476828c8b5254381890caee32791b20ea52fc.jpg]
[vasanashop.com/cdn/shop/products/S588aed0c53534490a9c687a41eb330a3t3b47.jpg]
[vasanashop.com/cdn/shop/products/S70a2a0cb7e4d47e08483827666cb5e78Sf867.jpg]
[vasanashop.com/cdn/shop/products/Sf86042c4ef6c4c5ea0a3e225fa0381a51752f.jpg]
[vasanashop.com/cdn/shop/products/Sb5c80cf372194d7d996f90411ed1d986eb66e.jpg]
[vasanashop.com/cdn/shop/products/S4c05e381892341b2a4ee86a8ace7eb6bG752f.jpg]
[vasanashop.com/cdn/shop/products/Se3c878eaacd341ed9dbf168ef4be64b8w752f.jpg]
[vasanashop.com/cdn/shop/products/S756df24675c24785a9c5f8aa79f297e2de560.jpg]
[vasanashop.com/cdn/shop/products/S7e32cdfc4d4849379b2f8a2a3d557b75q281f.jpg]
[vasanashop.com/cdn/shop/products/S476828c8b5254381890caee32791b20eadc1a.jpg]
[vasanashop.com/cdn/shop/products/S588aed0c53534490a9c687a41eb330a3tbf32.jpg]
[vasanashop.com/products/nordic-night-owls.html]
[vasanashop.com/cdn/shop/products/S70a2a0cb7e4d47e08483827666cb5e78S0db3.jpg]
[vasanashop.com/products/canvas-print-abstract.oembed]
[vasanashop.com/cdn/shop/products/Hc92b619f00eb431d919431425b0efe46X5d2f.jpg]
[vasanashop.com/cdn/shop/products/Hdd49ad52c96444bba4b54a0d21a1358dV235a.jpg]
[vasanashop.com/cdn/shop/products/Hb5214dc5581b4d8990501eb819bafc8chd45a.jpg]
[vasanashop.com/cdn/shop/products/He7e12b2d40594b199b1087df0823829dQ8366.jpg]
[vasanashop.com/cdn/shop/products/H5eb7f27c58924ddd96b185657dfbce3dF8892.jpg]
[vasanashop.com/cdn/shop/products/Hf87ae77953c44f0b89aa0d87b1950eabG51c2.jpg]
[vasanashop.com/cdn/shop/products/H39597928b9dc43d99ffb889f514cf690u62b2.jpg]
[vasanashop.com/cdn/shop/products/Hc92b619f00eb431d919431425b0efe46X1cad.jpg]
[vasanashop.com/cdn/shop/products/Hdd49ad52c96444bba4b54a0d21a1358dV1482.jpg]
[vasanashop.com/cdn/shop/products/Hb5214dc5581b4d8990501eb819bafc8chdda5.jpg]
[vasanashop.com/cdn/shop/products/He7e12b2d40594b199b1087df0823829dQb9cd.jpg]
[vasanashop.com/cdn/shop/products/H5eb7f27c58924ddd96b185657dfbce3dFd08b.jpg]
[vasanashop.com/cdn/shop/products/Hf87ae77953c44f0b89aa0d87b1950eabGabd0.jpg]
[vasanashop.com/products/canvas-print-abstract.html]
[vasanashop.com/cdn/shop/products/H39597928b9dc43d99ffb889f514cf690u8cbd.jpg]
[vasanashop.com/products/dreamer-astronaut-figure.oembed]
[vasanashop.com/cdn/shop/products/H218aa9a245034a13826f32e8da5b3715qd84c.jpg]
[vasanashop.com/cdn/shop/products/H728b67ab77f04c649729cf7ed3ee44c6oce72.jpg]
[vasanashop.com/cdn/shop/products/H7e5e5acbcd5447d8a098e55bd06a0108Od84c.jpg]
[vasanashop.com/cdn/shop/products/Hc1e1491bea384813b1801f8678d5948cUd84c.jpg]
[vasanashop.com/cdn/shop/products/H218aa9a245034a13826f32e8da5b3715q43d5.jpg]
[vasanashop.com/cdn/shop/products/H728b67ab77f04c649729cf7ed3ee44c6o153e.jpg]
[vasanashop.com/cdn/shop/products/H7e5e5acbcd5447d8a098e55bd06a0108O43d5.jpg]
[vasanashop.com/products/dreamer-astronaut-figure.html]
[vasanashop.com/cdn/shop/products/Hc1e1491bea384813b1801f8678d5948cU43d5.jpg]
[vasanashop.com/products/home-room-decor-bulldog.oembed]
[vasanashop.com/cdn/shop/products/Hfea051f9d046490b92c0d7b01026a2a7D47a0.jpg]
[vasanashop.com/cdn/shop/products/Hbf74ec7f910249c39d7e37c69861c31ct47a0.jpg]
[vasanashop.com/cdn/shop/products/H89d0bb4025a34acb8b17ab452155a63eY47a0.jpg]
[vasanashop.com/cdn/shop/products/H58f006db9dd744e2b09f33e203627ae5a47a0.jpg]
[vasanashop.com/cdn/shop/products/H0dca35b67e4f4ed1b2299c36798618fdv47a0.jpg]
[vasanashop.com/cdn/shop/products/H650cc9fce4ff4da5a8e36b22c224d543C47a0.jpg]
[vasanashop.com/cdn/shop/products/ScreenShot2023-03-10at12.10.01PM13b0.png]
[vasanashop.com/cdn/shop/products/ScreenShot2023-03-10at12.13.45PM13b0.png]
[vasanashop.com/cdn/shop/products/Hfea051f9d046490b92c0d7b01026a2a7D7f2e.jpg]
[vasanashop.com/cdn/shop/products/Hbf74ec7f910249c39d7e37c69861c31ct7f2e.jpg]
[vasanashop.com/cdn/shop/products/H89d0bb4025a34acb8b17ab452155a63eY7f2e.jpg]
[vasanashop.com/cdn/shop/products/H58f006db9dd744e2b09f33e203627ae5a7f2e.jpg]
[vasanashop.com/cdn/shop/products/H0dca35b67e4f4ed1b2299c36798618fdv7f2e.jpg]
[vasanashop.com/cdn/shop/products/H650cc9fce4ff4da5a8e36b22c224d543C7f2e.jpg]
[vasanashop.com/cdn/shop/products/ScreenShot2023-03-10at12.10.01PM452f.png]
[vasanashop.com/products/home-room-decor-bulldog.html]
[vasanashop.com/cdn/shop/products/ScreenShot2023-03-10at12.13.45PM452f.png]
[vasanashop.com/products/ceramic-vases.oembed]
[vasanashop.com/cdn/shop/products/S7b8253b898714479ac06e1372e3d4e72zcf94.jpg]
[vasanashop.com/cdn/shop/products/H30478f82faba4f26aca36a6d7c8ef78cse959.jpg]
[vasanashop.com/cdn/shop/products/H828cb05129074db7b0276cde8d08f72bucf94.jpg]
[vasanashop.com/cdn/shop/products/H3db0645eabaa4db4998d38ca99475e8eScf94.jpg]
[vasanashop.com/cdn/shop/products/H023ed972b8984158854221c516f525d8Mcf94.jpg]
[vasanashop.com/cdn/shop/products/S18280acd5e47408a8a9130425b12e2fdpcf94.jpg]
[vasanashop.com/cdn/shop/products/S64d1622c8c1646a5b1f6e8cad6cf30a2Rcf94.jpg]
[vasanashop.com/cdn/shop/products/H71bc202ab2c4454fae7a31ff7b7919d92cf94.jpg]
[vasanashop.com/cdn/shop/products/S2938c801afd64a45aaa34d0498065e4awcf94.jpg]
[vasanashop.com/cdn/shop/products/H257260a382e0458daa19c898c5d40d0aXcf94.jpg]
[vasanashop.com/cdn/shop/products/H6d12e67edf3d4ec2b27cb75bd1ee15adQcf94.jpg]
[vasanashop.com/cdn/shop/products/H6c0a72bb996147a3be02614a65bc8dbdMcf94.jpg]
[vasanashop.com/cdn/shop/products/S16d32f8e678d4117b26a52c7d4a63e3erb411.jpg]
[vasanashop.com/cdn/shop/products/Hf5efa913846245d491202aab97c1c3d3ce640.jpg]
[vasanashop.com/cdn/shop/products/Sbc0036cee1114c12b79ede410efe2c48p882a.jpg]
[vasanashop.com/cdn/shop/products/Sda245fa408e7418ea58c0ab49a773046X882a.jpg]
[vasanashop.com/cdn/shop/products/Hb3d5b48c9c9644cf93110720617981ebS882a.jpg]
[vasanashop.com/cdn/shop/products/nvases6e60e.jpg]
[vasanashop.com/cdn/shop/products/nvases4e60e.png]
[vasanashop.com/cdn/shop/products/vases3e60e.png]
[vasanashop.com/cdn/shop/products/nvases2e60e.png]
[vasanashop.com/cdn/shop/products/nordicvasese60e.png]
[vasanashop.com/cdn/shop/products/S7b8253b898714479ac06e1372e3d4e72zc10e.jpg]
[vasanashop.com/cdn/shop/products/H30478f82faba4f26aca36a6d7c8ef78csc314.jpg]
[vasanashop.com/cdn/shop/products/H828cb05129074db7b0276cde8d08f72buc10e.jpg]
[vasanashop.com/cdn/shop/products/H3db0645eabaa4db4998d38ca99475e8eSc10e.jpg]
[vasanashop.com/cdn/shop/products/H023ed972b8984158854221c516f525d8Mc10e.jpg]
[vasanashop.com/cdn/shop/products/S18280acd5e47408a8a9130425b12e2fdpc10e.jpg]
[vasanashop.com/cdn/shop/products/S64d1622c8c1646a5b1f6e8cad6cf30a2Rc10e.jpg]
[vasanashop.com/cdn/shop/products/H71bc202ab2c4454fae7a31ff7b7919d92c10e.jpg]
[vasanashop.com/cdn/shop/products/S2938c801afd64a45aaa34d0498065e4awc10e.jpg]
[vasanashop.com/cdn/shop/products/H257260a382e0458daa19c898c5d40d0aXc10e.jpg]
[vasanashop.com/cdn/shop/products/H6d12e67edf3d4ec2b27cb75bd1ee15adQc10e.jpg]
[vasanashop.com/cdn/shop/products/H6c0a72bb996147a3be02614a65bc8dbdMc10e.jpg]
[vasanashop.com/cdn/shop/products/S16d32f8e678d4117b26a52c7d4a63e3er8d15.jpg]
[vasanashop.com/cdn/shop/products/Hf5efa913846245d491202aab97c1c3d3c10a7.jpg]
[vasanashop.com/cdn/shop/products/Sbc0036cee1114c12b79ede410efe2c48p822c.jpg]
[vasanashop.com/cdn/shop/products/Sda245fa408e7418ea58c0ab49a773046X822c.jpg]
[vasanashop.com/cdn/shop/products/Hb3d5b48c9c9644cf93110720617981ebS822c.jpg]
[vasanashop.com/cdn/shop/products/nvases67684.jpg]
[vasanashop.com/cdn/shop/products/nvases47684.png]
[vasanashop.com/cdn/shop/products/vases37684.png]
[vasanashop.com/cdn/shop/products/nvases27684.png]
[vasanashop.com/products/ceramic-vases.html]
[vasanashop.com/cdn/shop/products/nordicvases7684.png]
[vasanashop.com/products/nordic-marble-table.oembed]
[vasanashop.com/cdn/shop/products/Sf89566f789a9411cb3bc2d3a9c2220eaubac1.jpg]
[vasanashop.com/cdn/shop/products/S7f084f5800954f66a5136ba6a0da73b4M1fd1.jpg]
[vasanashop.com/cdn/shop/products/S14498b3123974ec59b09ee27194729caA2b26.jpg]
[vasanashop.com/cdn/shop/products/Sf89566f789a9411cb3bc2d3a9c2220eau6027.jpg]
[vasanashop.com/cdn/shop/products/S7f084f5800954f66a5136ba6a0da73b4Me64c.jpg]
[vasanashop.com/products/nordic-marble-table.html]
[vasanashop.com/cdn/shop/products/S14498b3123974ec59b09ee27194729caA54fa.jpg]
[vasanashop.com/products/classy-living-room-armchair.oembed]
[vasanashop.com/cdn/shop/products/S71ed3321bb2049979d1cf4f967ec974c06c62.jpg]
[vasanashop.com/cdn/shop/products/Sad3c0197deeb4d6e9b035c54e71bc15fpab43.jpg]
[vasanashop.com/cdn/shop/products/S5f7d46a1410c4ff99b2598b2be781c02B8fff.jpg]
[vasanashop.com/cdn/shop/products/S6db3046d64c74187b0e6e2df44b0fbcfZd6dc.jpg]
[vasanashop.com/cdn/shop/products/Sffe20e9022e447b680e9c63eba520025w10c7.jpg]
[vasanashop.com/cdn/shop/products/S664dd546b2104ea7b3341990f02d331e79c7b.jpg]
[vasanashop.com/cdn/shop/products/S2d190490a338427c9937a151f0f210d893e85.jpg]
[vasanashop.com/cdn/shop/products/Se914dd81bc1a45808191654b4ff619c7Qc243.jpg]
[vasanashop.com/cdn/shop/products/S05faee77653e4f9894328368f1b7524eye6fe.jpg]
[vasanashop.com/cdn/shop/products/Sec1c5fc4f939499488c883704601a047q072a.jpg]
[vasanashop.com/cdn/shop/products/Sc69cf53a7dc146889664c423544844f3r3908.jpg]
[vasanashop.com/cdn/shop/products/S49611c3e61b54fb5a04ca63481286513Ebfaf.jpg]
[vasanashop.com/cdn/shop/products/S82575e0db1bc44cfbbda2d0d6b914c6ciba36.jpg]
[vasanashop.com/cdn/shop/products/Sbee57841f248473fb373bd2c1d9cd0c7i9b4f.jpg]
[vasanashop.com/cdn/shop/products/S2f775c80bb354c4a88656f7169f71a14I19f9.jpg]
[vasanashop.com/cdn/shop/products/ScreenShot2023-03-31at10.39.50AM1f4d.png]
[vasanashop.com/cdn/shop/products/ScreenShot2023-03-31at10.40.26AM6a8e.png]
[vasanashop.com/cdn/shop/products/S71ed3321bb2049979d1cf4f967ec974c077eb.jpg]
[vasanashop.com/cdn/shop/products/Sad3c0197deeb4d6e9b035c54e71bc15fpe3f1.jpg]
[vasanashop.com/cdn/shop/products/S5f7d46a1410c4ff99b2598b2be781c02Bb78d.jpg]
[vasanashop.com/cdn/shop/products/S6db3046d64c74187b0e6e2df44b0fbcfZae8e.jpg]
[vasanashop.com/cdn/shop/products/Sffe20e9022e447b680e9c63eba520025w3667.jpg]
[vasanashop.com/cdn/shop/products/S664dd546b2104ea7b3341990f02d331e7e097.jpg]
[vasanashop.com/cdn/shop/products/S2d190490a338427c9937a151f0f210d89ca46.jpg]
[vasanashop.com/cdn/shop/products/Se914dd81bc1a45808191654b4ff619c7Q2ac5.jpg]
[vasanashop.com/cdn/shop/products/S05faee77653e4f9894328368f1b7524ey94c6.jpg]
[vasanashop.com/cdn/shop/products/Sec1c5fc4f939499488c883704601a047q5f8a.jpg]
[vasanashop.com/cdn/shop/products/Sc69cf53a7dc146889664c423544844f3rd8ba.jpg]
[vasanashop.com/cdn/shop/products/S49611c3e61b54fb5a04ca63481286513Edd02.jpg]
[vasanashop.com/cdn/shop/products/S82575e0db1bc44cfbbda2d0d6b914c6cia93f.jpg]
[vasanashop.com/cdn/shop/products/Sbee57841f248473fb373bd2c1d9cd0c7i05d5.jpg]
[vasanashop.com/cdn/shop/products/S2f775c80bb354c4a88656f7169f71a14I105b.jpg]
[vasanashop.com/cdn/shop/products/ScreenShot2023-03-31at10.39.50AM24cd.png]
[vasanashop.com/products/classy-living-room-armchair.html]
[vasanashop.com/cdn/shop/products/ScreenShot2023-03-31at10.40.26AMb3ed.png]
[vasanashop.com/products/nordic-living-room-furniture.oembed]
[vasanashop.com/cdn/shop/products/S00b9f27801204edb87a1cbe5c63c3e0eZ9dbb.jpg]
[vasanashop.com/cdn/shop/products/ScreenShot2023-03-02at8.07.17PM859c.png]
[vasanashop.com/cdn/shop/products/ScreenShot2023-03-02at8.08.08PM859c.png]
[vasanashop.com/cdn/shop/products/ScreenShot2023-03-02at8.06.59PM859c.png]
[vasanashop.com/cdn/shop/products/ScreenShot2023-03-02at8.07.51PM859c.png]
[vasanashop.com/cdn/shop/products/ScreenShot2023-03-02at8.07.27PM859c.png]
[vasanashop.com/cdn/shop/products/Scff3b611a7fd451eb5ee540fb6330d40C859c.jpg]
[vasanashop.com/cdn/shop/products/Sf3ec9b8f5b99439c9c21fdcf7fee2c3bq859c.jpg]
[vasanashop.com/cdn/shop/products/S00b9f27801204edb87a1cbe5c63c3e0eZ3262.jpg]
[vasanashop.com/cdn/shop/products/ScreenShot2023-03-02at8.07.17PM76ed.png]
[vasanashop.com/cdn/shop/products/ScreenShot2023-03-02at8.08.08PM76ed.png]
[vasanashop.com/cdn/shop/products/ScreenShot2023-03-02at8.06.59PM76ed.png]
[vasanashop.com/cdn/shop/products/ScreenShot2023-03-02at8.07.51PM76ed.png]
[vasanashop.com/cdn/shop/products/ScreenShot2023-03-02at8.07.27PM76ed.png]
[vasanashop.com/cdn/shop/products/Scff3b611a7fd451eb5ee540fb6330d40C76ed.jpg]
[vasanashop.com/products/nordic-living-room-furniture.html]
[vasanashop.com/cdn/shop/products/Sf3ec9b8f5b99439c9c21fdcf7fee2c3bq76ed.jpg]
[vasanashop.com/products/storage-cabinets.oembed]
[vasanashop.com/cdn/shop/products/S69e6bd258d6b4a9da14ef547f2ab43ee70a7a.jpg]
[vasanashop.com/cdn/shop/products/S4f55fa37012c4fe9bb7a9159e2f1b0f2Eb950.jpg]
[vasanashop.com/cdn/shop/products/S4b06bf67d0ea40958d32cb54cb61e75eDefb9.jpg]
[vasanashop.com/cdn/shop/products/S07c4850865cd4f8e80ae59b6915931d5lb44a.jpg]
[vasanashop.com/cdn/shop/products/Sf8918f7ef48c4185acf31dc395c2167ft6535.jpg]
[vasanashop.com/cdn/shop/products/S69e6bd258d6b4a9da14ef547f2ab43ee7bd1e.jpg]
[vasanashop.com/cdn/shop/products/S4f55fa37012c4fe9bb7a9159e2f1b0f2E4d4d.jpg]
[vasanashop.com/cdn/shop/products/S4b06bf67d0ea40958d32cb54cb61e75eD54a9.jpg]
[vasanashop.com/cdn/shop/products/S07c4850865cd4f8e80ae59b6915931d5l23d2.jpg]
[vasanashop.com/products/storage-cabinets.html]
[vasanashop.com/cdn/shop/products/Sf8918f7ef48c4185acf31dc395c2167ft35e7.jpg]
[vasanashop.com/products/small-side-table-living-room.oembed]
[vasanashop.com/cdn/shop/products/S946675f56e074c2ebb5ae766a81eb024W1c28.jpg]
[vasanashop.com/cdn/shop/products/S5bf75579dfc9424daf76b4df0690ce0aFf528.jpg]
[vasanashop.com/cdn/shop/products/S24d2c2dfcac54d4fa68719e70abb9d81Bdd54.jpg]
[vasanashop.com/cdn/shop/products/Sb200be3dd4fd4e3a8e81f9141c125820E9698.jpg]
[vasanashop.com/cdn/shop/products/Sab55269b6f23452ca866602e0fcbefc3561ea.jpg]
[vasanashop.com/cdn/shop/products/S11750f2341e345d6a8e694b4f26e30fe653de.jpg]
[vasanashop.com/cdn/shop/products/S946675f56e074c2ebb5ae766a81eb024Wd473.jpg]
[vasanashop.com/cdn/shop/products/S5bf75579dfc9424daf76b4df0690ce0aFc715.jpg]
[vasanashop.com/cdn/shop/products/S24d2c2dfcac54d4fa68719e70abb9d81Bdc1f.jpg]
[vasanashop.com/cdn/shop/products/Sb200be3dd4fd4e3a8e81f9141c125820Effd9.jpg]
[vasanashop.com/cdn/shop/products/Sab55269b6f23452ca866602e0fcbefc35a80f.jpg]
[vasanashop.com/products/small-side-table-living-room.html]
[vasanashop.com/cdn/shop/products/S11750f2341e345d6a8e694b4f26e30fe6dc03.jpg]
[vasanashop.com/products/modern-shoe-armoire.oembed]
[vasanashop.com/cdn/shop/products/ScreenShot2023-03-13at7.10.22PM66bf.png]
[vasanashop.com/cdn/shop/products/S36f538e3780a4982b573cda7e73518fbE8d6d.jpg]
[vasanashop.com/cdn/shop/products/S2f80f4506ff2435ba8cad9070480824dNef92.jpg]
[vasanashop.com/cdn/shop/products/S001cd6bd40e14dfb95c021bf94e139d17e959.jpg]
[vasanashop.com/cdn/shop/products/ScreenShot2023-03-13at7.12.47PMfd36.png]
[vasanashop.com/cdn/shop/products/ScreenShot2023-03-13at7.15.49PM8906.png]
[vasanashop.com/cdn/shop/products/ScreenShot2023-03-13at7.17.57PM3282.png]
[vasanashop.com/cdn/shop/products/ScreenShot2023-03-13at7.20.08PM7d63.png]
[vasanashop.com/cdn/shop/products/ScreenShot2023-03-13at7.22.11PM2238.png]
[vasanashop.com/cdn/shop/products/ScreenShot2023-03-13at7.23.47PM089a.png]
[vasanashop.com/cdn/shop/products/ScreenShot2023-03-13at7.25.37PMdd4c.png]
[vasanashop.com/cdn/shop/products/ScreenShot2023-03-13at7.27.06PMba36.png]
[vasanashop.com/cdn/shop/products/ScreenShot2023-03-13at7.29.21PMed76.png]
[vasanashop.com/cdn/shop/products/ScreenShot2023-03-13at7.30.42PM3e20.png]
[vasanashop.com/cdn/shop/products/ScreenShot2023-03-13at7.32.53PM37e8.png]
[vasanashop.com/cdn/shop/products/ScreenShot2023-03-13at7.34.46PMa3b1.png]
[vasanashop.com/cdn/shop/products/ScreenShot2023-03-13at7.36.19PM2241.png]
[vasanashop.com/cdn/shop/products/ScreenShot2023-03-13at7.38.13PM4710.png]
[vasanashop.com/cdn/shop/products/ScreenShot2023-03-13at7.45.06PM9304.png]
[vasanashop.com/cdn/shop/products/ScreenShot2023-03-13at7.46.45PM622b.png]
[vasanashop.com/cdn/shop/products/ScreenShot2023-03-13at7.48.06PM91c6.png]
[vasanashop.com/cdn/shop/products/ScreenShot2023-03-13at7.49.42PMfcde.png]
[vasanashop.com/cdn/shop/products/ScreenShot2023-03-13at7.10.22PM3ce5.png]
[vasanashop.com/cdn/shop/products/S36f538e3780a4982b573cda7e73518fbE33ba.jpg]
[vasanashop.com/cdn/shop/products/S2f80f4506ff2435ba8cad9070480824dN30e0.jpg]
[vasanashop.com/cdn/shop/products/S001cd6bd40e14dfb95c021bf94e139d17c314.jpg]
[vasanashop.com/cdn/shop/products/ScreenShot2023-03-13at7.12.47PM937c.png]
[vasanashop.com/cdn/shop/products/ScreenShot2023-03-13at7.15.49PM3ccb.png]
[vasanashop.com/cdn/shop/products/ScreenShot2023-03-13at7.17.57PM8666.png]
[vasanashop.com/cdn/shop/products/ScreenShot2023-03-13at7.20.08PM7981.png]
[vasanashop.com/cdn/shop/products/ScreenShot2023-03-13at7.22.11PM9846.png]
[vasanashop.com/cdn/shop/products/ScreenShot2023-03-13at7.23.47PM036b.png]
[vasanashop.com/cdn/shop/products/ScreenShot2023-03-13at7.25.37PMdf3c.png]
[vasanashop.com/cdn/shop/products/ScreenShot2023-03-13at7.27.06PMf80b.png]
[vasanashop.com/cdn/shop/products/ScreenShot2023-03-13at7.29.21PM83c5.png]
[vasanashop.com/cdn/shop/products/ScreenShot2023-03-13at7.30.42PM212e.png]
[vasanashop.com/cdn/shop/products/ScreenShot2023-03-13at7.32.53PMaf17.png]
[vasanashop.com/cdn/shop/products/ScreenShot2023-03-13at7.34.46PMe388.png]
[vasanashop.com/cdn/shop/products/ScreenShot2023-03-13at7.36.19PM281a.png]
[vasanashop.com/cdn/shop/products/ScreenShot2023-03-13at7.38.13PM8de7.png]
[vasanashop.com/cdn/shop/products/ScreenShot2023-03-13at7.45.06PMc45c.png]
[vasanashop.com/cdn/shop/products/ScreenShot2023-03-13at7.46.45PM04e3.png]
[vasanashop.com/cdn/shop/products/ScreenShot2023-03-13at7.48.06PMb6c6.png]
[vasanashop.com/products/modern-shoe-armoire.html]
[vasanashop.com/cdn/shop/products/ScreenShot2023-03-13at7.49.42PM033f.png]
[vasanashop.com/products/fabric-shoe-stool.oembed]
[vasanashop.com/cdn/shop/products/Saee1522873f944ff95f8fc8f1906ae0av3324.jpg]
[vasanashop.com/cdn/shop/products/S6bf366e784de44a3908a1338eea4f584Y8d6d.jpg]
[vasanashop.com/cdn/shop/products/Sde4bec37aab2459d80a1dfddc3a2a60313324.jpg]
[vasanashop.com/cdn/shop/products/S9c27b6c80e6f463888f4c3a28c232689v3324.jpg]
[vasanashop.com/cdn/shop/products/S70359309b25b439b81d9aa74035adbc3C3324.jpg]
[vasanashop.com/cdn/shop/products/Sfa759937dca644f29a45b0a88915f510U3324.jpg]
[vasanashop.com/cdn/shop/products/S014a1a18133c4e7ab876321707737def03324.jpg]
[vasanashop.com/cdn/shop/products/S4c4d10ecf6e24372a871ff8dc7bfb47eN0a6f.jpg]
[vasanashop.com/cdn/shop/products/S45b4b21b59a345b48ad7f262e71108c6V0a6f.jpg]
[vasanashop.com/cdn/shop/products/S03a36f30b3d74b1d97b23538cce9e3adT0a6f.jpg]
[vasanashop.com/cdn/shop/products/S0862cf3a33fa41b59e764c13f472f88110a6f.jpg]
[vasanashop.com/cdn/shop/products/Sdb640a35eefb4c0c9e2cad1ada8924d740a6f.jpg]
[vasanashop.com/cdn/shop/products/Sd5c6d207e2464bbba2f42a9d5833997cv0a6f.jpg]
[vasanashop.com/cdn/shop/products/Sb63ef5f286da4f2b9b8cfe97afd4a2e9m0a6f.jpg]
[vasanashop.com/cdn/shop/products/Se34b459b3c004d2f887cfb829d42158bC9c15.jpg]
[vasanashop.com/cdn/shop/products/S8cadbfdafadf44d3950ffe105ac8a710Ye134.jpg]
[vasanashop.com/cdn/shop/products/S85b89b736f764f7ab218e0957711afbc0062a.jpg]
[vasanashop.com/cdn/shop/products/S63c0d1bf97074bb1aedfc0e6acbc77adMfa31.jpg]
[vasanashop.com/cdn/shop/products/S8fff75bcbfd9488d948c73b67c57c65eob5b3.jpg]
[vasanashop.com/cdn/shop/products/Saee1522873f944ff95f8fc8f1906ae0avf8e4.jpg]
[vasanashop.com/cdn/shop/products/S6bf366e784de44a3908a1338eea4f584Y33ba.jpg]
[vasanashop.com/cdn/shop/products/Sde4bec37aab2459d80a1dfddc3a2a6031f8e4.jpg]
[vasanashop.com/cdn/shop/products/S9c27b6c80e6f463888f4c3a28c232689vf8e4.jpg]
[vasanashop.com/cdn/shop/products/S70359309b25b439b81d9aa74035adbc3Cf8e4.jpg]
[vasanashop.com/cdn/shop/products/Sfa759937dca644f29a45b0a88915f510Uf8e4.jpg]
[vasanashop.com/cdn/shop/products/S014a1a18133c4e7ab876321707737def0f8e4.jpg]
[vasanashop.com/cdn/shop/products/S4c4d10ecf6e24372a871ff8dc7bfb47eN4858.jpg]
[vasanashop.com/cdn/shop/products/S45b4b21b59a345b48ad7f262e71108c6V4858.jpg]
[vasanashop.com/cdn/shop/products/S03a36f30b3d74b1d97b23538cce9e3adT4858.jpg]
[vasanashop.com/cdn/shop/products/S0862cf3a33fa41b59e764c13f472f88114858.jpg]
[vasanashop.com/cdn/shop/products/Sdb640a35eefb4c0c9e2cad1ada8924d744858.jpg]
[vasanashop.com/cdn/shop/products/Sd5c6d207e2464bbba2f42a9d5833997cv4858.jpg]
[vasanashop.com/cdn/shop/products/Sb63ef5f286da4f2b9b8cfe97afd4a2e9m4858.jpg]
[vasanashop.com/cdn/shop/products/Se34b459b3c004d2f887cfb829d42158bC357b.jpg]
[vasanashop.com/cdn/shop/products/S8cadbfdafadf44d3950ffe105ac8a710Yd47e.jpg]
[vasanashop.com/cdn/shop/products/S85b89b736f764f7ab218e0957711afbc0d6b8.jpg]
[vasanashop.com/cdn/shop/products/S63c0d1bf97074bb1aedfc0e6acbc77adMb39c.jpg]
[vasanashop.com/products/fabric-shoe-stool.html]
[vasanashop.com/cdn/shop/products/S8fff75bcbfd9488d948c73b67c57c65eof36a.jpg]
[vasanashop.com/products/nordic-lounge-chair.oembed]
[vasanashop.com/cdn/shop/products/ScreenShot2023-03-08at10.25.54AMe7a5.png]
[vasanashop.com/cdn/shop/products/S57babccd4c0942af87227e16dbd5df9eA3dd7.jpg]
[vasanashop.com/cdn/shop/products/ScreenShot2023-03-08at10.04.37AMe7a5.png]
[vasanashop.com/cdn/shop/products/ScreenShot2023-03-08at10.12.23AMe7a5.png]
[vasanashop.com/cdn/shop/products/ScreenShot2023-03-08at10.36.33AMe7a5.png]
[vasanashop.com/cdn/shop/products/ScreenShot2023-03-08at10.06.39AMe7a5.png]
[vasanashop.com/cdn/shop/products/ScreenShot2023-03-08at10.07.23AMe7a5.png]
[vasanashop.com/cdn/shop/products/ScreenShot2023-03-08at10.37.35AMe7a5.png]
[vasanashop.com/cdn/shop/products/ScreenShot2023-03-08at10.40.06AMe7a5.png]
[vasanashop.com/cdn/shop/products/ScreenShot2023-03-08at10.25.54AM4d0b.png]
[vasanashop.com/cdn/shop/products/S57babccd4c0942af87227e16dbd5df9eA0868.jpg]
[vasanashop.com/cdn/shop/products/ScreenShot2023-03-08at10.04.37AM4d0b.png]
[vasanashop.com/cdn/shop/products/ScreenShot2023-03-08at10.12.23AM4d0b.png]
[vasanashop.com/cdn/shop/products/ScreenShot2023-03-08at10.36.33AM4d0b.png]
[vasanashop.com/cdn/shop/products/ScreenShot2023-03-08at10.06.39AM4d0b.png]
[vasanashop.com/cdn/shop/products/ScreenShot2023-03-08at10.07.23AM4d0b.png]
[vasanashop.com/cdn/shop/products/ScreenShot2023-03-08at10.37.35AM4d0b.png]
[vasanashop.com/products/nordic-lounge-chair.html]
[vasanashop.com/cdn/shop/products/ScreenShot2023-03-08at10.40.06AM4d0b.png]
[vasanashop.com/products/vacuum-sealed-coffee-tank.oembed]
[vasanashop.com/cdn/shop/products/500ml704a.jpg]
[vasanashop.com/cdn/shop/products/Se1f6cf34fc5049e987e026f86684e2a3Q734e.jpg]
[vasanashop.com/cdn/shop/products/Kep12704a.jpg]
[vasanashop.com/cdn/shop/products/Kep11704a.jpg]
[vasanashop.com/cdn/shop/products/Scb7afdde17094153a729553a4fd5af4c1704a.jpg]
[vasanashop.com/cdn/shop/products/2704a.jpg]
[vasanashop.com/cdn/shop/products/3704a.png]
[vasanashop.com/cdn/shop/products/900ml704a.jpg]
[vasanashop.com/cdn/shop/products/1200ml704a.jpg]
[vasanashop.com/cdn/shop/products/1900ml704a.jpg]
[vasanashop.com/cdn/shop/products/Kep10704a.jpg]
[vasanashop.com/cdn/shop/products/Kep14515c.jpg]
[vasanashop.com/cdn/shop/products/500ml9c96.jpg]
[vasanashop.com/cdn/shop/products/Se1f6cf34fc5049e987e026f86684e2a3Qc657.jpg]
[vasanashop.com/cdn/shop/products/Kep129c96.jpg]
[vasanashop.com/cdn/shop/products/Kep119c96.jpg]
[vasanashop.com/cdn/shop/products/Scb7afdde17094153a729553a4fd5af4c19c96.jpg]
[vasanashop.com/cdn/shop/products/29c96.jpg]
[vasanashop.com/cdn/shop/products/39c96.png]
[vasanashop.com/cdn/shop/products/900ml9c96.jpg]
[vasanashop.com/cdn/shop/products/1200ml9c96.jpg]
[vasanashop.com/cdn/shop/products/1900ml9c96.jpg]
[vasanashop.com/cdn/shop/products/Kep109c96.jpg]
[vasanashop.com/products/vacuum-sealed-coffee-tank.html]
[vasanashop.com/cdn/shop/products/Kep148ce9.jpg]
[vasanashop.com/products/eastern-coffee-spoon.oembed]
[vasanashop.com/cdn/shop/products/S753293aa88a54e149254f93fbf511b96H8c1b.jpg]
[vasanashop.com/cdn/shop/products/S6d197bb7506b4c7e9058527c9f8633cdf6842.jpg]
[vasanashop.com/cdn/shop/products/Sd4ff9abee88a4e88aeb15c3b43a3df8ce8710.jpg]
[vasanashop.com/cdn/shop/products/S02ac9488f06f42a59114b81dc3a97b34M3e0f.jpg]
[vasanashop.com/cdn/shop/products/S990bbc1965b04eeb84beed843f91173eJf836.jpg]
[vasanashop.com/cdn/shop/products/S138fa76729b44071ac6a7a2c8f9f0ba5l8302.jpg]
[vasanashop.com/cdn/shop/products/S3e717df47f1445d69bdead05df9181e9u2e5e.jpg]
[vasanashop.com/cdn/shop/products/S753293aa88a54e149254f93fbf511b96He02e.jpg]
[vasanashop.com/cdn/shop/products/S6d197bb7506b4c7e9058527c9f8633cdf7c23.jpg]
[vasanashop.com/cdn/shop/products/Sd4ff9abee88a4e88aeb15c3b43a3df8ce75d6.jpg]
[vasanashop.com/cdn/shop/products/S02ac9488f06f42a59114b81dc3a97b34M6d75.jpg]
[vasanashop.com/cdn/shop/products/S990bbc1965b04eeb84beed843f91173eJ95bb.jpg]
[vasanashop.com/cdn/shop/products/S138fa76729b44071ac6a7a2c8f9f0ba5l3b9a.jpg]
[vasanashop.com/products/eastern-coffee-spoon.html]
[vasanashop.com/cdn/shop/products/S3e717df47f1445d69bdead05df9181e9ue506.jpg]
[vasanashop.com/products/pillow-plates.oembed]
[vasanashop.com/cdn/shop/products/Sa314dc6e535f4d05851e0389c366ebe8Vd524.jpg]
[vasanashop.com/cdn/shop/products/Sf823f8f98e6b4c82bb5c7a4ad2872241mded7.jpg]
[vasanashop.com/cdn/shop/products/S8b0c7d0a6a91487d9a83f4d76252f910Qd524.jpg]
[vasanashop.com/cdn/shop/products/S5d175afde58241fd83b799b43aad7ca3Td524.jpg]
[vasanashop.com/cdn/shop/products/S10166191c6fd4c62bf976bdbd6a7d2ba7d524.jpg]
[vasanashop.com/cdn/shop/products/S00304e75b8db47bb85b59ea00106ead8Gd524.jpg]
[vasanashop.com/cdn/shop/products/Sd209ead6e9f142fb9443ff77734c0524Ld524.jpg]
[vasanashop.com/cdn/shop/products/blackbigd524.jpg]
[vasanashop.com/cdn/shop/products/Kep17d524.jpg]
[vasanashop.com/cdn/shop/products/Kep19b4ca.jpg]
[vasanashop.com/cdn/shop/products/Kep20b4ca.jpg]
[vasanashop.com/cdn/shop/products/whitebigb4ca.jpg]
[vasanashop.com/cdn/shop/products/Sa314dc6e535f4d05851e0389c366ebe8V6804.jpg]
[vasanashop.com/cdn/shop/products/Sf823f8f98e6b4c82bb5c7a4ad2872241m6c0c.jpg]
[vasanashop.com/cdn/shop/products/S8b0c7d0a6a91487d9a83f4d76252f910Q6804.jpg]
[vasanashop.com/cdn/shop/products/S5d175afde58241fd83b799b43aad7ca3T6804.jpg]
[vasanashop.com/cdn/shop/products/S10166191c6fd4c62bf976bdbd6a7d2ba76804.jpg]
[vasanashop.com/cdn/shop/products/S00304e75b8db47bb85b59ea00106ead8G6804.jpg]
[vasanashop.com/cdn/shop/products/Sd209ead6e9f142fb9443ff77734c0524L6804.jpg]
[vasanashop.com/cdn/shop/products/blackbig6804.jpg]
[vasanashop.com/cdn/shop/products/Kep176804.jpg]
[vasanashop.com/cdn/shop/products/Kep1923aa.jpg]
[vasanashop.com/cdn/shop/products/Kep2023aa.jpg]
[vasanashop.com/products/pillow-plates.html]
[vasanashop.com/cdn/shop/products/whitebig23aa.jpg]
[vasanashop.com/products/decanter-king-size.oembed]
[vasanashop.com/cdn/shop/products/S43ac3a0103de4753a7bd735d48d95e2fH9885.jpg]
[vasanashop.com/cdn/shop/products/Sbcee4d057bb14f90bbe83da4efa2d5175d4ad.jpg]
[vasanashop.com/cdn/shop/products/S3e0efdb85e7b4b5fb72b0a5704dd8843Oada7.jpg]
[vasanashop.com/cdn/shop/products/S366a100252ee4445a33bd3e64f14b726L55d7.jpg]
[vasanashop.com/cdn/shop/products/Sffdfbfa977084d0ab9129fe36f7f2885d9d90.jpg]
[vasanashop.com/cdn/shop/products/Sd166c0fd33ea41f09c562c71fbb73b8bMdd8d.jpg]
[vasanashop.com/cdn/shop/products/Kep14cc0.png]
[vasanashop.com/cdn/shop/products/S43ac3a0103de4753a7bd735d48d95e2fHdee7.jpg]
[vasanashop.com/cdn/shop/products/Sbcee4d057bb14f90bbe83da4efa2d5175b557.jpg]
[vasanashop.com/cdn/shop/products/S3e0efdb85e7b4b5fb72b0a5704dd8843O6386.jpg]
[vasanashop.com/cdn/shop/products/S366a100252ee4445a33bd3e64f14b726L3c99.jpg]
[vasanashop.com/cdn/shop/products/Sffdfbfa977084d0ab9129fe36f7f2885ddc9c.jpg]
[vasanashop.com/cdn/shop/products/Sd166c0fd33ea41f09c562c71fbb73b8bM64ec.jpg]
[vasanashop.com/products/decanter-king-size.html]
[vasanashop.com/cdn/shop/products/Kep16333.png]
[vasanashop.com/products/cone-decanter.oembed]
[vasanashop.com/cdn/shop/products/HTB1kUmxTmzqK1RjSZPxq6A4tVXa66069.jpg]
[vasanashop.com/cdn/shop/products/HTB1jQyITXzqK1RjSZFCq6zbxVXaX7b8d.jpg]
[vasanashop.com/cdn/shop/products/HTB1NjX6TmzqK1RjSZPcq6zTepXam6069.jpg]
[vasanashop.com/cdn/shop/products/HTB1GB_Cge3tHKVjSZSgq6x4QFXah6069.jpg]
[vasanashop.com/cdn/shop/products/HTB167CITXzqK1RjSZFoq6zfcXXa06069.jpg]
[vasanashop.com/cdn/shop/products/decanter16069.png]
[vasanashop.com/cdn/shop/products/decanter6069.jpg]
[vasanashop.com/cdn/shop/products/HTB1kUmxTmzqK1RjSZPxq6A4tVXa6b4c5.jpg]
[vasanashop.com/cdn/shop/products/HTB1jQyITXzqK1RjSZFCq6zbxVXaX47af.jpg]
[vasanashop.com/cdn/shop/products/HTB1NjX6TmzqK1RjSZPcq6zTepXamb4c5.jpg]
[vasanashop.com/cdn/shop/products/HTB1GB_Cge3tHKVjSZSgq6x4QFXahb4c5.jpg]
[vasanashop.com/cdn/shop/products/HTB167CITXzqK1RjSZFoq6zfcXXa0b4c5.jpg]
[vasanashop.com/cdn/shop/products/decanter1b4c5.png]
[vasanashop.com/products/cone-decanter.html]
[vasanashop.com/cdn/shop/products/decanterb4c5.jpg]
[vasanashop.com/products/kimchi-jar.oembed]
[vasanashop.com/cdn/shop/products/J7HkFsvPbBH0ZnnpBBdr516b.jpg]
[vasanashop.com/cdn/shop/products/H5d55d7ec478647a58ab96740e768c10eTe335.jpg]
[vasanashop.com/cdn/shop/products/MvtVYIrKy0WIXC1fCTiD516b.jpg]
[vasanashop.com/cdn/shop/products/Hce74b6a1ae64427581e5c12824fbc205H516b.jpg]
[vasanashop.com/cdn/shop/products/fEDii1HtSmsynrTvgZgi612a.jpg]
[vasanashop.com/cdn/shop/products/J7HkFsvPbBH0ZnnpBBdre5fe.jpg]
[vasanashop.com/cdn/shop/products/H5d55d7ec478647a58ab96740e768c10eTc4c4.jpg]
[vasanashop.com/cdn/shop/products/MvtVYIrKy0WIXC1fCTiDe5fe.jpg]
[vasanashop.com/cdn/shop/products/Hce74b6a1ae64427581e5c12824fbc205He5fe.jpg]
[vasanashop.com/products/kimchi-jar.html]
[vasanashop.com/cdn/shop/products/fEDii1HtSmsynrTvgZgi78dd.jpg]
[vasanashop.com/products/japanese-wood-trays.oembed]
[vasanashop.com/cdn/shop/products/HTB1_LC0kKySBuNjy1zdxh4PxFXaF51b6.jpg]
[vasanashop.com/cdn/shop/products/ScreenShot2023-03-13at3.00.04PM51b6.png]
[vasanashop.com/cdn/shop/products/H188a75e8339d47f09c2d96ce470d0cfcx51b6.jpg]
[vasanashop.com/cdn/shop/products/HTB15mf.XozrK1RjSspmq6AOdFXaN51b6.jpg]
[vasanashop.com/cdn/shop/products/Hd15447ebc97341dba0b688aa88ee9e67i51b6.jpg]
[vasanashop.com/cdn/shop/products/HTB1cg7XXh_rK1RkHFqDq6yJAFXaX51b6.jpg]
[vasanashop.com/cdn/shop/products/He5b905d842794910b1b62c15ae614104251b6.jpg]
[vasanashop.com/cdn/shop/products/HTB1TooikTJYBeNjy1zeq6yhzVXak51b6.jpg]
[vasanashop.com/cdn/shop/products/HTB1drb2RhTpK1RjSZFMq6zG_VXae51b6.jpg]
[vasanashop.com/cdn/shop/products/HTB17t65RjTpK1RjSZKPq6y3UpXa051b6.jpg]
[vasanashop.com/cdn/shop/products/HTB14nIXRhjaK1RjSZFAq6zdLFXad51b6.jpg]
[vasanashop.com/cdn/shop/products/HTB1pdqGkL1TBuNjy0Fjq6yjyXXaO51b6.jpg]
[vasanashop.com/cdn/shop/products/HTB1x98sacnrK1RkHFrdq6xCoFXa351b6.jpg]
[vasanashop.com/cdn/shop/products/HTB1_LC0kKySBuNjy1zdxh4PxFXaFbeae.jpg]
[vasanashop.com/cdn/shop/products/ScreenShot2023-03-13at3.00.04PMbeae.png]
[vasanashop.com/cdn/shop/products/H188a75e8339d47f09c2d96ce470d0cfcxbeae.jpg]
[vasanashop.com/cdn/shop/products/HTB15mf.XozrK1RjSspmq6AOdFXaNbeae.jpg]
[vasanashop.com/cdn/shop/products/Hd15447ebc97341dba0b688aa88ee9e67ibeae.jpg]
[vasanashop.com/cdn/shop/products/HTB1cg7XXh_rK1RkHFqDq6yJAFXaXbeae.jpg]
[vasanashop.com/cdn/shop/products/He5b905d842794910b1b62c15ae6141042beae.jpg]
[vasanashop.com/cdn/shop/products/HTB1TooikTJYBeNjy1zeq6yhzVXakbeae.jpg]
[vasanashop.com/cdn/shop/products/HTB1drb2RhTpK1RjSZFMq6zG_VXaebeae.jpg]
[vasanashop.com/cdn/shop/products/HTB17t65RjTpK1RjSZKPq6y3UpXa0beae.jpg]
[vasanashop.com/cdn/shop/products/HTB14nIXRhjaK1RjSZFAq6zdLFXadbeae.jpg]
[vasanashop.com/cdn/shop/products/HTB1pdqGkL1TBuNjy0Fjq6yjyXXaObeae.jpg]
[vasanashop.com/products/japanese-wood-trays.html]
[vasanashop.com/cdn/shop/products/HTB1x98sacnrK1RkHFrdq6xCoFXa3beae.jpg]
[vasanashop.com/products/nordic-style-egg-tray.oembed]
[vasanashop.com/cdn/shop/products/H00fe17a806d446bd8ba68d67a7004176o11b9.jpg]
[vasanashop.com/cdn/shop/products/Hedebaa22668c41a3a8580dbcb6979569E5fba.jpg]
[vasanashop.com/cdn/shop/products/H915c09d97cec4a4580c9a63c34604962U5fba.jpg]
[vasanashop.com/cdn/shop/products/Hfb3a96abc5734ce187fcdfad94dbbd65P5fba.jpg]
[vasanashop.com/cdn/shop/products/Ha1c4da0620f04114a156278faa29b13aY5fba.jpg]
[vasanashop.com/cdn/shop/products/H00fe17a806d446bd8ba68d67a7004176o59f2.jpg]
[vasanashop.com/cdn/shop/products/Hedebaa22668c41a3a8580dbcb6979569E7470.jpg]
[vasanashop.com/cdn/shop/products/H915c09d97cec4a4580c9a63c34604962U7470.jpg]
[vasanashop.com/cdn/shop/products/Hfb3a96abc5734ce187fcdfad94dbbd65P7470.jpg]
[vasanashop.com/products/nordic-style-egg-tray.html]
[vasanashop.com/cdn/shop/products/Ha1c4da0620f04114a156278faa29b13aY7470.jpg]
[vasanashop.com/products/nordic-glass-plates.oembed]
[vasanashop.com/cdn/shop/products/nordicplate31c47.png]
[vasanashop.com/cdn/shop/products/H169ae80bef7e4459a108471ba8be13ecQfc1a.jpg]
[vasanashop.com/cdn/shop/products/H85971f13c65f4ddb9f08b63448a8081c1900b.jpg]
[vasanashop.com/cdn/shop/products/Ha537fe060e684cc1ae38dad20794f8bfN900b.jpg]
[vasanashop.com/cdn/shop/products/nordicplate21c47.jpg]
[vasanashop.com/cdn/shop/products/nordicplate360a7.png]
[vasanashop.com/cdn/shop/products/H169ae80bef7e4459a108471ba8be13ecQ8c4a.jpg]
[vasanashop.com/cdn/shop/products/H85971f13c65f4ddb9f08b63448a8081c1cb34.jpg]
[vasanashop.com/cdn/shop/products/Ha537fe060e684cc1ae38dad20794f8bfNcb34.jpg]
[vasanashop.com/products/nordic-glass-plates.html]
[vasanashop.com/cdn/shop/products/nordicplate260a7.jpg]
[vasanashop.com/products/japanese-ramen-bowl.oembed]
[vasanashop.com/cdn/shop/products/Picture23cdf.jpg]
[vasanashop.com/cdn/shop/products/Hd8ece8af48fc4dc395d6fbb7c7acac01V02fc.jpg]
[vasanashop.com/cdn/shop/products/ramenbowl41f7b.png]
[vasanashop.com/cdn/shop/products/ramenbowl31f7b.png]
[vasanashop.com/cdn/shop/products/ramenbowl21f7b.png]
[vasanashop.com/cdn/shop/products/ramenbowl1f7b.png]
[vasanashop.com/cdn/shop/products/Picture266fc.jpg]
[vasanashop.com/cdn/shop/products/Hd8ece8af48fc4dc395d6fbb7c7acac01V82ec.jpg]
[vasanashop.com/cdn/shop/products/ramenbowl4ee84.png]
[vasanashop.com/cdn/shop/products/ramenbowl3ee84.png]
[vasanashop.com/cdn/shop/products/ramenbowl2ee84.png]
[vasanashop.com/products/japanese-ramen-bowl.html]
[vasanashop.com/cdn/shop/products/ramenbowlee84.png]
[vasanashop.com/products/can-cup.oembed]
[vasanashop.com/cdn/shop/products/new22f2.png]
[vasanashop.com/cdn/shop/products/H548bcd1fc94b42a091d0e8d00820756dI22f2.jpg]
[vasanashop.com/cdn/shop/products/H9c6e21acd7a448b0804d09bca5883bf4O22f2.jpg]
[vasanashop.com/cdn/shop/products/H3ebd87160ac44d458c116338c4705762522f2.jpg]
[vasanashop.com/cdn/shop/products/Kep1_691c6210-48c7-4fce-8cf0-2267432f7dec22f2.png]
[vasanashop.com/cdn/shop/products/Picture122f2.jpg]
[vasanashop.com/cdn/shop/products/newfe57.png]
[vasanashop.com/cdn/shop/products/H548bcd1fc94b42a091d0e8d00820756dIfe57.jpg]
[vasanashop.com/cdn/shop/products/H9c6e21acd7a448b0804d09bca5883bf4Ofe57.jpg]
[vasanashop.com/cdn/shop/products/H3ebd87160ac44d458c116338c47057625fe57.jpg]
[vasanashop.com/cdn/shop/products/Kep1_691c6210-48c7-4fce-8cf0-2267432f7decfe57.png]
[vasanashop.com/products/can-cup.html]
[vasanashop.com/cdn/shop/products/Picture1fe57.jpg]
[vasanashop.com/products/bedroom-night-lights.oembed]
[vasanashop.com/cdn/shop/products/Hbea992429b2c40d5bbc9df0376c3898dGc966.jpg]
[vasanashop.com/cdn/shop/products/Hb3995468833142139c0affdf2e25cbe7Xbd2c.jpg]
[vasanashop.com/cdn/shop/products/Hbea992429b2c40d5bbc9df0376c3898dG8753.jpg]
[vasanashop.com/products/bedroom-night-lights.html]
[vasanashop.com/cdn/shop/products/Hb3995468833142139c0affdf2e25cbe7Xa4df.jpg]
[vasanashop.com/products/foldable-touch-controlled-desk-lamp.oembed]
[vasanashop.com/cdn/shop/products/He944ba9dc81a43f28d182a40fd3c6e6aW9698.jpg]
[vasanashop.com/cdn/shop/products/HTB1N.mbKuuSBuNjSsziq6zq8pXaZdd54.jpg]
[vasanashop.com/cdn/shop/products/HTB1GEdKKx9YBuNjy0Ffq6xIsVXaIb973.jpg]
[vasanashop.com/cdn/shop/products/M7VZ9X0LKCnuQgqjcUbBdb1a.jpg]
[vasanashop.com/cdn/shop/products/HTB1brC4di6guuRkSmLyq6AulFXaTdb1a.jpg]
[vasanashop.com/cdn/shop/products/rhKfsf4TH4o85YuNjlByefc9.jpg]
[vasanashop.com/cdn/shop/products/He944ba9dc81a43f28d182a40fd3c6e6aWffd9.jpg]
[vasanashop.com/cdn/shop/products/HTB1N.mbKuuSBuNjSsziq6zq8pXaZdc1f.jpg]
[vasanashop.com/cdn/shop/products/HTB1GEdKKx9YBuNjy0Ffq6xIsVXaI38c3.jpg]
[vasanashop.com/cdn/shop/products/M7VZ9X0LKCnuQgqjcUbB18bb.jpg]
[vasanashop.com/cdn/shop/products/HTB1brC4di6guuRkSmLyq6AulFXaT18bb.jpg]
[vasanashop.com/products/foldable-touch-controlled-desk-lamp.html]
[vasanashop.com/cdn/shop/products/rhKfsf4TH4o85YuNjlBycd8e.jpg]
[vasanashop.com/products/modern-wall-lamp.oembed]
[vasanashop.com/cdn/shop/products/ScreenShot2023-03-22at2.14.31PM_fed1b517-4f48-44e2-ae93-34090b11bacabf02.png]
[vasanashop.com/cdn/shop/products/ScreenShot2023-03-03at9.00.11AMa185.png]
[vasanashop.com/cdn/shop/products/ScreenShot2023-03-03at9.00.33AMa185.png]
[vasanashop.com/cdn/shop/products/ScreenShot2023-03-03at9.00.21AMa185.png]
[vasanashop.com/cdn/shop/products/ScreenShot2023-03-03at9.00.45AM2d8d.png]
[vasanashop.com/cdn/shop/products/ScreenShot2023-03-03at9.01.27AM2d8d.png]
[vasanashop.com/cdn/shop/products/ScreenShot2023-03-22at2.13.27PM6672.png]
[vasanashop.com/cdn/shop/products/ScreenShot2023-03-22at2.13.49PM6672.png]
[vasanashop.com/cdn/shop/products/ScreenShot2023-03-22at2.14.08PM6672.png]
[vasanashop.com/cdn/shop/products/ScreenShot2023-03-22at2.16.31PMbb9b.png]
[vasanashop.com/cdn/shop/products/ScreenShot2023-03-22at2.16.46PMbb9b.png]
[vasanashop.com/cdn/shop/products/ScreenShot2023-03-22at2.14.31PM_fed1b517-4f48-44e2-ae93-34090b11bacac1f6.png]
[vasanashop.com/cdn/shop/products/ScreenShot2023-03-03at9.00.11AM00ce.png]
[vasanashop.com/cdn/shop/products/ScreenShot2023-03-03at9.00.33AM00ce.png]
[vasanashop.com/cdn/shop/products/ScreenShot2023-03-03at9.00.21AM00ce.png]
[vasanashop.com/cdn/shop/products/ScreenShot2023-03-03at9.00.45AMea7f.png]
[vasanashop.com/cdn/shop/products/ScreenShot2023-03-03at9.01.27AMea7f.png]
[vasanashop.com/cdn/shop/products/ScreenShot2023-03-22at2.13.27PMfef7.png]
[vasanashop.com/cdn/shop/products/ScreenShot2023-03-22at2.13.49PMfef7.png]
[vasanashop.com/cdn/shop/products/ScreenShot2023-03-22at2.14.08PMfef7.png]
[vasanashop.com/cdn/shop/products/ScreenShot2023-03-22at2.16.31PMc5d5.png]
[vasanashop.com/products/modern-wall-lamp.html]
[vasanashop.com/cdn/shop/products/ScreenShot2023-03-22at2.16.46PMc5d5.png]
[vasanashop.com/products/rotating-wall-lamp.oembed]
[vasanashop.com/cdn/shop/products/ScreenShot2023-03-05at11.01.35PM2fe9.png]
[vasanashop.com/cdn/shop/products/HTB1tBwXBZuYBuNkSmRyq6AA3pXa5efb9.jpg]
[vasanashop.com/cdn/shop/products/H93133f24e7e44564bad28760b365ffb3W2fe9.gif]
[vasanashop.com/cdn/shop/products/7RJPfAaWD483NVpNyJ7s2fe9.jpg]
[vasanashop.com/cdn/shop/products/xVmeBMrZvgBdFjj7IBxi2fe9.jpg]
[vasanashop.com/cdn/shop/products/ScreenShot2023-03-05at11.01.35PM6894.png]
[vasanashop.com/cdn/shop/products/HTB1tBwXBZuYBuNkSmRyq6AA3pXa554a9.jpg]
[vasanashop.com/cdn/shop/products/H93133f24e7e44564bad28760b365ffb3W6894.gif]
[vasanashop.com/cdn/shop/products/7RJPfAaWD483NVpNyJ7s6894.jpg]
[vasanashop.com/products/rotating-wall-lamp.html]
[vasanashop.com/cdn/shop/products/xVmeBMrZvgBdFjj7IBxi6894.jpg]
[vasanashop.com/cdn/shop/products/Modern-LED-Ceiling-Chandelier-Table-Dining-Room-Kitchen-Minimalist-Pendant-Home-Decor-Lighting-Lustre-Linear-Lamp_jpg_Q90_jpg.10b6c54]
[vasanashop.com/products/modern-ceiling-chandelier.oembed]
[vasanashop.com/cdn/shop/products/Modern-LED-Ceiling-Chandelier-Table-Dining-Room-Kitchen-Minimalist-Pendant-Home-Decor-Lighting-Lustre-Linear-Lamp_jpg_Q90_jpg.5dc6c37]
[vasanashop.com/cdn/shop/products/s-l1600bed5.jpg]
[vasanashop.com/cdn/shop/products/S7fdaa8a7d5d44bd0a6ed52af0756290anbed5.jpg]
[vasanashop.com/cdn/shop/products/1102414_nkzogr_0bed5.jpg]
[vasanashop.com/cdn/shop/products/ScreenShot2023-03-03at9.11.32AMbed5.png]
[vasanashop.com/cdn/shop/products/Sce228e241abd47a59e9c78fd2cc24406fbed5.jpg]
[vasanashop.com/cdn/shop/products/S39071ec50edf4e7aa8d7b10c61911291wbed5.jpg]
[vasanashop.com/cdn/shop/products/s-l1600a80b.jpg]
[vasanashop.com/cdn/shop/products/S7fdaa8a7d5d44bd0a6ed52af0756290ana80b.jpg]
[vasanashop.com/cdn/shop/products/1102414_nkzogr_0a80b.jpg]
[vasanashop.com/cdn/shop/products/ScreenShot2023-03-03at9.11.32AMa80b.png]
[vasanashop.com/cdn/shop/products/Sce228e241abd47a59e9c78fd2cc24406fa80b.jpg]
[vasanashop.com/products/modern-ceiling-chandelier.html]
[vasanashop.com/cdn/shop/products/S39071ec50edf4e7aa8d7b10c61911291wa80b.jpg]
[vasanashop.com/products/mini-dustbin.oembed]
[vasanashop.com/cdn/shop/products/H2c66bc1b42ab476a86d68f07c5d75f91b0b4a.jpg]
[vasanashop.com/cdn/shop/products/H06e28440c22e4d11908823c35621b6b3581bc.jpg]
[vasanashop.com/cdn/shop/products/H89a9863bb7a145e6be2caea9652da8cfC9698.jpg]
[vasanashop.com/cdn/shop/products/H39be82a3c9014bceb48d1b735daba082y61ea.jpg]
[vasanashop.com/cdn/shop/products/H8f139b0579824af8b51cdbf8d3aac6b3Nf78d.jpg]
[vasanashop.com/cdn/shop/products/H67f339030a4c4fd2a6b93dfbd022dcd5md45a.jpg]
[vasanashop.com/cdn/shop/products/Ha073876949c841e4b378f3829a1a3a10g3dbe.jpg]
[vasanashop.com/cdn/shop/products/H87bceb059d864485845d8477302d034fa6b0e.jpg]
[vasanashop.com/cdn/shop/products/Hc2f3ad74a38648f2bc280982af95fc87xa74b.jpg]
[vasanashop.com/cdn/shop/products/H2c66bc1b42ab476a86d68f07c5d75f91b761c.jpg]
[vasanashop.com/cdn/shop/products/H06e28440c22e4d11908823c35621b6b357990.jpg]
[vasanashop.com/cdn/shop/products/H89a9863bb7a145e6be2caea9652da8cfCffd9.jpg]
[vasanashop.com/cdn/shop/products/H39be82a3c9014bceb48d1b735daba082ya80f.jpg]
[vasanashop.com/cdn/shop/products/H8f139b0579824af8b51cdbf8d3aac6b3N4a28.jpg]
[vasanashop.com/cdn/shop/products/H67f339030a4c4fd2a6b93dfbd022dcd5mdda5.jpg]
[vasanashop.com/cdn/shop/products/Ha073876949c841e4b378f3829a1a3a10ge267.jpg]
[vasanashop.com/cdn/shop/products/H87bceb059d864485845d8477302d034fa69b3.jpg]
[vasanashop.com/products/mini-dustbin.html]
[vasanashop.com/cdn/shop/products/Hc2f3ad74a38648f2bc280982af95fc87xf9f6.jpg]
[vasanashop.com/products/resin-four-piece-bathroom-accessory-set.oembed]
[vasanashop.com/cdn/shop/products/H41552a123cb94debad45adcb8e0bc5b1Zc67d.jpg]
[vasanashop.com/cdn/shop/products/Sa9695a49ead6464683c36d025ab98cb0Kda51.jpg]
[vasanashop.com/cdn/shop/products/H025e0e39f1c241379ffd682de769dd9awcff1.jpg]
[vasanashop.com/cdn/shop/products/H0603485fa4a24229b058a53d62f1d04464551.jpg]
[vasanashop.com/cdn/shop/products/Hd90f4e4d5d724c75b433ab8190036cceG4097.jpg]
[vasanashop.com/cdn/shop/products/H606fe82ea4584204af68008c21d89dacu918a.jpg]
[vasanashop.com/cdn/shop/products/H0ef65732dfaa4ea98734a6792198af5bu911c.jpg]
[vasanashop.com/cdn/shop/products/S22098cd1c4654f4b8be03c1cb5dd45aaB5fe7.jpg]
[vasanashop.com/cdn/shop/products/Hfc572f3f85ef4231894daec11121de71g1e9a.jpg]
[vasanashop.com/cdn/shop/products/Hb7d5fb88f50041c6b9017970de171ff5X43e1.jpg]
[vasanashop.com/cdn/shop/products/Hec716526bc874291a2438fa3f6e9b570Nb930.jpg]
[vasanashop.com/cdn/shop/products/S4431c73968304c0fac98ab1f18ee9a20X1779.jpg]
[vasanashop.com/cdn/shop/products/Sccc11913c3724000843ce1910d77a0f7We0b8.jpg]
[vasanashop.com/cdn/shop/products/Sb4d447fcad484af19f598bc2bc0a74c4W8f70.jpg]
[vasanashop.com/cdn/shop/products/H4fa2da1a61f04c25846f35c21a7d58b6Tb8ee.jpg]
[vasanashop.com/cdn/shop/products/H41552a123cb94debad45adcb8e0bc5b1Zdfd1.jpg]
[vasanashop.com/cdn/shop/products/Sa9695a49ead6464683c36d025ab98cb0K86f7.jpg]
[vasanashop.com/cdn/shop/products/H025e0e39f1c241379ffd682de769dd9awa19b.jpg]
[vasanashop.com/cdn/shop/products/H0603485fa4a24229b058a53d62f1d044604c3.jpg]
[vasanashop.com/cdn/shop/products/Hd90f4e4d5d724c75b433ab8190036cceGb978.jpg]
[vasanashop.com/cdn/shop/products/H606fe82ea4584204af68008c21d89dacu3fe6.jpg]
[vasanashop.com/cdn/shop/products/H0ef65732dfaa4ea98734a6792198af5bu1feb.jpg]
[vasanashop.com/cdn/shop/products/S22098cd1c4654f4b8be03c1cb5dd45aaB5961.jpg]
[vasanashop.com/cdn/shop/products/Hfc572f3f85ef4231894daec11121de71g5158.jpg]
[vasanashop.com/cdn/shop/products/Hb7d5fb88f50041c6b9017970de171ff5Xb47f.jpg]
[vasanashop.com/cdn/shop/products/Hec716526bc874291a2438fa3f6e9b570N7f26.jpg]
[vasanashop.com/cdn/shop/products/S4431c73968304c0fac98ab1f18ee9a20X9b38.jpg]
[vasanashop.com/cdn/shop/products/Sccc11913c3724000843ce1910d77a0f7Wd5e6.jpg]
[vasanashop.com/cdn/shop/products/Sb4d447fcad484af19f598bc2bc0a74c4W9af8.jpg]
[vasanashop.com/products/resin-four-piece-bathroom-accessory-set.html]
[vasanashop.com/cdn/shop/products/H4fa2da1a61f04c25846f35c21a7d58b6Tb861.jpg]
[vasanashop.com/products/toilet-roll-paper-holder.oembed]
[vasanashop.com/cdn/shop/products/2d434552dbef49879cd63d74912d654b.thumbnail.00000000005a46.jpg]
[vasanashop.com/cdn/shop/videos/c/vp/2d434552dbef49879cd63d74912d654b/2d434552dbef49879cd63d74912d654b.HD-1080p-7.2Mbps-12727246a4f0.mp4]
[vasanashop.com/cdn/shop/products/2d434552dbef49879cd63d74912d654b.thumbnail.0000000000_2048x9b0c.jpg]
[vasanashop.com/cdn/shop/products/65724.jpg]
[vasanashop.com/cdn/shop/products/75724.png]
[vasanashop.com/cdn/shop/products/85724.jpg]
[vasanashop.com/cdn/shop/products/95724.jpg]
[vasanashop.com/cdn/shop/products/tlfb9a.jpg]
[vasanashop.com/cdn/shop/products/tl13e26.jpg]
[vasanashop.com/cdn/shop/products/tl23e26.jpg]
[vasanashop.com/cdn/shop/products/tl3ebe4.jpg]
[vasanashop.com/cdn/shop/products/tl4fb9a.jpg]
[vasanashop.com/cdn/shop/products/tl53e26.jpg]
[vasanashop.com/cdn/shop/products/toiletfb9a.jpg]
[vasanashop.com/cdn/shop/products/2d434552dbef49879cd63d74912d654b.thumbnail.0000000000c8d8.jpg]
[vasanashop.com/cdn/shop/products/6ab20.jpg]
[vasanashop.com/cdn/shop/products/7ab20.png]
[vasanashop.com/cdn/shop/products/8ab20.jpg]
[vasanashop.com/cdn/shop/products/9ab20.jpg]
[vasanashop.com/cdn/shop/products/tla926.jpg]
[vasanashop.com/cdn/shop/products/tl16688.jpg]
[vasanashop.com/cdn/shop/products/tl26688.jpg]
[vasanashop.com/cdn/shop/products/tl3e5c4.jpg]
[vasanashop.com/cdn/shop/products/tl4a926.jpg]
[vasanashop.com/cdn/shop/products/tl56688.jpg]
[vasanashop.com/products/toilet-roll-paper-holder.html]
[vasanashop.com/cdn/shop/products/toileta926.jpg]
[vasanashop.com/products/dust-mite-vacuum-cleaner.oembed]
[vasanashop.com/cdn/shop/products/vacuum9b1e.png]
[vasanashop.com/cdn/shop/products/vacuum29b1e.jpg]
[vasanashop.com/cdn/shop/products/vacuum49b1e.jpg]
[vasanashop.com/cdn/shop/products/vacuum39b1e.jpg]
[vasanashop.com/cdn/shop/products/vacuum19b1e.png]
[vasanashop.com/cdn/shop/products/vacuumd761.png]
[vasanashop.com/cdn/shop/products/vacuum2d761.jpg]
[vasanashop.com/cdn/shop/products/vacuum4d761.jpg]
[vasanashop.com/cdn/shop/products/vacuum3d761.jpg]
[vasanashop.com/products/dust-mite-vacuum-cleaner.html]
[vasanashop.com/cdn/shop/products/vacuum1d761.png]
[vasanashop.com/products/design-pen-holder.oembed]
[vasanashop.com/cdn/shop/products/ScreenShot2023-03-13at1.57.31PM0fd7.png]
[vasanashop.com/cdn/shop/products/S1aa9e58c42cb423fa8606e3a2baf0b9bu7b8d.jpg]
[vasanashop.com/cdn/shop/products/S7a9a5dbea0874228a74ce04231408f54W4dbe.jpg]
[vasanashop.com/cdn/shop/products/ScreenShot2023-03-13at1.56.26PM0fd7.png]
[vasanashop.com/cdn/shop/products/ScreenShot2023-03-13at1.57.11PM0fd7.png]
[vasanashop.com/cdn/shop/products/S6ed6cd3c9e354e6d895b636a1fdbe052D0fd7.jpg]
[vasanashop.com/cdn/shop/products/Se68054c5ca8647db9cd7fc25545ed5c0c0fd7.jpg]
[vasanashop.com/cdn/shop/products/ScreenShot2023-03-13at1.57.31PMee52.png]
[vasanashop.com/cdn/shop/products/S1aa9e58c42cb423fa8606e3a2baf0b9bu47af.jpg]
[vasanashop.com/cdn/shop/products/S7a9a5dbea0874228a74ce04231408f54Wadad.jpg]
[vasanashop.com/cdn/shop/products/ScreenShot2023-03-13at1.56.26PMee52.png]
[vasanashop.com/cdn/shop/products/ScreenShot2023-03-13at1.57.11PMee52.png]
[vasanashop.com/cdn/shop/products/S6ed6cd3c9e354e6d895b636a1fdbe052Dee52.jpg]
[vasanashop.com/products/design-pen-holder.html]
[vasanashop.com/cdn/shop/products/Se68054c5ca8647db9cd7fc25545ed5c0cee52.jpg]
[vasanashop.com/products/mug-warmer.oembed]
[vasanashop.com/cdn/shop/products/S4c715172306448849af95f9892c0022a03fc0.jpg]
[vasanashop.com/cdn/shop/products/ScreenShot2023-03-13at7.54.58PMb456.png]
[vasanashop.com/cdn/shop/products/S4c715172306448849af95f9892c0022a03891.jpg]
[vasanashop.com/products/mug-warmer.html]
[vasanashop.com/cdn/shop/products/ScreenShot2023-03-13at7.54.58PM1ffd.png]
[vasanashop.com/products/chunky-knitted-blanket.oembed]
[vasanashop.com/cdn/shop/products/HTB1vF7.Xs_vK1Rjy0Foq6xIxVXaa38d4.jpg]
[vasanashop.com/cdn/shop/products/HTB1F0..XsvrK1Rjy0Feq6ATmVXa974a6.jpg]
[vasanashop.com/cdn/shop/products/HTB1uchcXIrrK1Rjy1zeq6xalFXaV74a6.jpg]
[vasanashop.com/cdn/shop/products/li1khOZvW9TIxcCaLzFf74a6.jpg]
[vasanashop.com/cdn/shop/products/KBhUBbTy8tEZB74ZIuIK74a6.jpg]
[vasanashop.com/cdn/shop/products/Bk9mGoAkvSHik9fA4qiQ74a6.jpg]
[vasanashop.com/cdn/shop/products/Sn2HWuzktSRYxz8cu0cM74a6.jpg]
[vasanashop.com/cdn/shop/products/K0JAkWrtFrKUvVq9PaC874a6.jpg]
[vasanashop.com/cdn/shop/products/DdA7PoUQzPeRTBsJpap574a6.jpg]
[vasanashop.com/cdn/shop/products/2JW7cmI35NAhnxDorL0m74a6.jpg]
[vasanashop.com/cdn/shop/products/7abK1822PJoWYCqzxFs174a6.jpg]
[vasanashop.com/cdn/shop/products/oCL18iMTctwG3qo9X26R74a6.jpg]
[vasanashop.com/cdn/shop/products/SXzDNLLePlQXzA7SJOg374a6.jpg]
[vasanashop.com/cdn/shop/products/8LgMjGrWbXVr53cVZvSj74a6.jpg]
[vasanashop.com/cdn/shop/products/bvYBpgC5vP2H9RKmu0vA74a6.jpg]
[vasanashop.com/cdn/shop/products/Pw4LxN4VFFoGLiaHODTp74a6.jpg]
[vasanashop.com/cdn/shop/products/qacjVKwb8RigsddYV3zj74a6.jpg]
[vasanashop.com/cdn/shop/products/M2CsOqF0DjXyDZeDhp1r74a6.jpg]
[vasanashop.com/cdn/shop/products/ALjrxUUUnyc81kw8FyBT74a6.jpg]
[vasanashop.com/cdn/shop/products/XmnPjZ1XftfvELKWwSqt6f60.jpg]
[vasanashop.com/cdn/shop/products/Gfnk6n3glSdKfD45K6so6f60.jpg]
[vasanashop.com/cdn/shop/products/fxFzspJbPt5cMhgBe4a16f60.jpg]
[vasanashop.com/cdn/shop/products/HTB1vF7.Xs_vK1Rjy0Foq6xIxVXaa2e90.jpg]
[vasanashop.com/cdn/shop/products/HTB1F0..XsvrK1Rjy0Feq6ATmVXa9725b.jpg]
[vasanashop.com/cdn/shop/products/HTB1uchcXIrrK1Rjy1zeq6xalFXaV725b.jpg]
[vasanashop.com/cdn/shop/products/li1khOZvW9TIxcCaLzFf725b.jpg]
[vasanashop.com/cdn/shop/products/KBhUBbTy8tEZB74ZIuIK725b.jpg]
[vasanashop.com/cdn/shop/products/Bk9mGoAkvSHik9fA4qiQ725b.jpg]
[vasanashop.com/cdn/shop/products/Sn2HWuzktSRYxz8cu0cM725b.jpg]
[vasanashop.com/cdn/shop/products/K0JAkWrtFrKUvVq9PaC8725b.jpg]
[vasanashop.com/cdn/shop/products/DdA7PoUQzPeRTBsJpap5725b.jpg]
[vasanashop.com/cdn/shop/products/2JW7cmI35NAhnxDorL0m725b.jpg]
[vasanashop.com/cdn/shop/products/7abK1822PJoWYCqzxFs1725b.jpg]
[vasanashop.com/cdn/shop/products/oCL18iMTctwG3qo9X26R725b.jpg]
[vasanashop.com/cdn/shop/products/SXzDNLLePlQXzA7SJOg3725b.jpg]
[vasanashop.com/cdn/shop/products/8LgMjGrWbXVr53cVZvSj725b.jpg]
[vasanashop.com/cdn/shop/products/bvYBpgC5vP2H9RKmu0vA725b.jpg]
[vasanashop.com/cdn/shop/products/Pw4LxN4VFFoGLiaHODTp725b.jpg]
[vasanashop.com/cdn/shop/products/qacjVKwb8RigsddYV3zj725b.jpg]
[vasanashop.com/cdn/shop/products/M2CsOqF0DjXyDZeDhp1r725b.jpg]
[vasanashop.com/cdn/shop/products/ALjrxUUUnyc81kw8FyBT725b.jpg]
[vasanashop.com/cdn/shop/products/XmnPjZ1XftfvELKWwSqtadb7.jpg]
[vasanashop.com/cdn/shop/products/Gfnk6n3glSdKfD45K6soadb7.jpg]
[vasanashop.com/products/chunky-knitted-blanket.html]
[vasanashop.com/cdn/shop/products/fxFzspJbPt5cMhgBe4a1adb7.jpg]
[vasanashop.com/products/hand-knot-cushions.oembed]
[vasanashop.com/cdn/shop/products/Hbd69e90a891542d79dfec210c862619fVdbd9.jpg]
[vasanashop.com/cdn/shop/products/H7929ab4ae20941338d512cc9812bb4646dbd9.jpg]
[vasanashop.com/cdn/shop/products/H0758cde3ed5841739a2bf23485f0a1a7udbd9.jpg]
[vasanashop.com/cdn/shop/products/Hf23d35ade63a4fdea087ac86a88b09590dbd9.jpg]
[vasanashop.com/cdn/shop/products/Hbaa81644c4c04fe6832b2b19a5ea0ae9ydbd9.jpg]
[vasanashop.com/cdn/shop/products/H6decc81a789b49429045b0d627bd389dBdbd9.jpg]
[vasanashop.com/cdn/shop/products/Hd4ce87bf83b24e499a50b13844f598a2sdbd9.jpg]
[vasanashop.com/cdn/shop/products/H66943a3465bd40e39ac87ccf3a78d8fdjdbd9.jpg]
[vasanashop.com/cdn/shop/products/H2b19663edf4c45e6a2890d1b5b90ec3a2dbd9.jpg]
[vasanashop.com/cdn/shop/products/Hf871befd6c084f459f92b255cb22f8bbPdbd9.jpg]
[vasanashop.com/cdn/shop/products/Hb85d759001c7402390c91cbb714d14favdbd9.jpg]
[vasanashop.com/cdn/shop/products/Ha30c38c98cfb4a919fd5451935a681951dbd9.jpg]
[vasanashop.com/cdn/shop/products/S7e452d3a93684867bb618938671bba33Xb8a4.jpg]
[vasanashop.com/cdn/shop/products/Hbd69e90a891542d79dfec210c862619fV2033.jpg]
[vasanashop.com/cdn/shop/products/H7929ab4ae20941338d512cc9812bb46462033.jpg]
[vasanashop.com/cdn/shop/products/H0758cde3ed5841739a2bf23485f0a1a7u2033.jpg]
[vasanashop.com/cdn/shop/products/Hf23d35ade63a4fdea087ac86a88b095902033.jpg]
[vasanashop.com/cdn/shop/products/Hbaa81644c4c04fe6832b2b19a5ea0ae9y2033.jpg]
[vasanashop.com/cdn/shop/products/H6decc81a789b49429045b0d627bd389dB2033.jpg]
[vasanashop.com/cdn/shop/products/Hd4ce87bf83b24e499a50b13844f598a2s2033.jpg]
[vasanashop.com/cdn/shop/products/H66943a3465bd40e39ac87ccf3a78d8fdj2033.jpg]
[vasanashop.com/cdn/shop/products/H2b19663edf4c45e6a2890d1b5b90ec3a22033.jpg]
[vasanashop.com/cdn/shop/products/Hf871befd6c084f459f92b255cb22f8bbP2033.jpg]
[vasanashop.com/cdn/shop/products/Hb85d759001c7402390c91cbb714d14fav2033.jpg]
[vasanashop.com/cdn/shop/products/Ha30c38c98cfb4a919fd5451935a6819512033.jpg]
[vasanashop.com/products/hand-knot-cushions.html]
[vasanashop.com/cdn/shop/products/S7e452d3a93684867bb618938671bba33Xa39d.jpg]
[vasanashop.com/products/french-style-rug.oembed]
[vasanashop.com/cdn/shop/products/S8511c76de0f74dc78bae7ee37f91955dAff5d.jpg]
[vasanashop.com/cdn/shop/products/ScreenShot2023-02-26at6.38.36PMff5d.png]
[vasanashop.com/cdn/shop/products/ScreenShot2023-02-26at6.38.50PMff5d.png]
[vasanashop.com/cdn/shop/products/S5986857a22bb4a0d9e6bdfa7c05a8f56bff5d.jpg]
[vasanashop.com/cdn/shop/products/ScreenShot2023-02-26at6.38.11PMff5d.png]
[vasanashop.com/cdn/shop/products/Sff788c2c33d14ca4a3698363c2f0c70e9ff5d.jpg]
[vasanashop.com/cdn/shop/products/Seb00c0fd34d64727974adf324c0aad50Yff5d.jpg]
[vasanashop.com/cdn/shop/products/S66dcf10320764e0dbff376a12f815d88qff5d.jpg]
[vasanashop.com/cdn/shop/products/S1f472c8f06a544949ccf0a64710390adMff5d.jpg]
[vasanashop.com/cdn/shop/products/Seafa7fab87ce4aab9187c0e62c624133off5d.jpg]
[vasanashop.com/cdn/shop/products/S8511c76de0f74dc78bae7ee37f91955dA0055.jpg]
[vasanashop.com/cdn/shop/products/ScreenShot2023-02-26at6.38.36PM0055.png]
[vasanashop.com/cdn/shop/products/ScreenShot2023-02-26at6.38.50PM0055.png]
[vasanashop.com/cdn/shop/products/S5986857a22bb4a0d9e6bdfa7c05a8f56b0055.jpg]
[vasanashop.com/cdn/shop/products/ScreenShot2023-02-26at6.38.11PM0055.png]
[vasanashop.com/cdn/shop/products/Sff788c2c33d14ca4a3698363c2f0c70e90055.jpg]
[vasanashop.com/cdn/shop/products/Seb00c0fd34d64727974adf324c0aad50Y0055.jpg]
[vasanashop.com/cdn/shop/products/S66dcf10320764e0dbff376a12f815d88q0055.jpg]
[vasanashop.com/cdn/shop/products/S1f472c8f06a544949ccf0a64710390adM0055.jpg]
[vasanashop.com/products/french-style-rug.html]
[vasanashop.com/cdn/shop/t/2/assets/component-paginatione9e9.css]
[vasanashop.com/cdn/shop/t/2/assets/newsletter-section6705.css]
[vasanashop.com/cdn/shop/t/2/assets/component-cartd722.css]
[vasanashop.com/cdn/shop/t/2/assets/component-totals1ae2.css]
[vasanashop.com/cdn/shop/t/2/assets/component-discountsf916.css]
[vasanashop.com/cdn/shop/products/Seafa7fab87ce4aab9187c0e62c624133o0055.jpg]
[vasanashop.com/collections/all.atom]
[vasanashop.com/collections/all4658.html]
[vasanashop.com/collections/all.html]
[vasanashop.com/collections/all9ba9.html]
[vasanashop.com/cdn/shopifycloud/shopify/assets/storefront/policy-3e4aa3c07a3a61780d16bc4b828d2fef9e1a20a44aae36e029a7b98e5ee5a4d0.css]
[vasanashop.com/policies/POST]
[vasanashop.com/policies/shipping-policy.html]
[vasanashop.com/Trident/index.html]
[vasanashop.com/pages/POST.html]
[vasanashop.com/cdn/shop/t/2/assets/section-main-pagefa29.css]
[vasanashop.com/products/POST.html]
[vasanashop.com/cdn/shop/t/2/assets/section-main-product826b.css]
[vasanashop.com/cdn/shop/t/2/assets/component-accordion7151.css]
[vasanashop.com/cdn/shop/t/2/assets/component-pickup-availability69a2.css]
[vasanashop.com/products/Trident/index.html]
[vasanashop.com/cdn/shop/t/2/assets/section-related-products1bb2.css]
[vasanashop.com/cdn/shop/t/2/assets/reviews-importerde2c.css]
[vasanashop.com/cdn/shop/products/Modern-LED-Ceiling-Chandelier-Table-Dining-Room-Kitchen-Minimalist-Pendant-Home-Decor-Lighting-Lustre-Linear-Lamp_jpg_Q90_jpg.5e0bed5]
[vasanashop.com/cdn/shop/products/Modern-LED-Ceiling-Chandelier-Table-Dining-Room-Kitchen-Minimalist-Pendant-Home-Decor-Lighting-Lustre-Linear-Lamp_jpg_Q90_jpg.5eda80b]
[vasanashop.com/cdn/shop/products/Modern-LED-Ceiling-Chandelier-Table-Dining-Room-Kitchen-Minimalist-Pendant-Home-Decor-Lighting-Lustre-Linear-Lamp_jpg_Q90_jpg.788ca7f]
[vasanashop.com/cdn/shop/products/Modern-LED-Ceiling-Chandelier-Table-Dining-Room-Kitchen-Minimalist-Pendant-Home-Decor-Lighting-Lustre-Linear-Lamp_jpg_Q90_jpg.7875c29]
[vasanashop.com/collections/all2679.html]
[vasanashop.com/cdn/shop/products/H25e0b147534947249ab84a1f1c6b77dap4c93.jpg]
[vasanashop.com/collections/all4658.html]
[vasanashop.com/products/minimalist-tissue-box.html]
[vasanashop.com/cdn/shop/products/Sf08d4f1dedb84f75bf463a671206ef64Jfc31.jpg]
[vasanashop.com/collections/all9ba9.html]
[vasanashop.com/cdn/shopifycloud/shopify/assets/storefront/policy-3e4aa3c07a3a61780d16bc4b828d2fef9e1a20a44aae36e029a7b98e5ee5a4d0.css]
[vasanashop.com/policies/POST.html]
[vasanashop.com/collections/all2679.html]
[vasanashop.com/products/premium-herb-keeper.html]
[vasanashop.com/products/minimalist-tissue-box.oembed]
[vasanashop.com/cdn/shop/products/H45f90e3369e9461691c0f3a02bc8e657546c7.jpg]
[vasanashop.com/cdn/shop/products/H25e0b147534947249ab84a1f1c6b77dapebd0.jpg]
[vasanashop.com/cdn/shop/products/H09a576da657d4cc1bb6c07872ca4e563h11b9.jpg]
[vasanashop.com/cdn/shop/products/He97fa44f9af64a008a6de2e93dfcc52cucbf3.jpg]
[vasanashop.com/cdn/shop/products/Ha8578663c2e74b75b46c90fef1f3204fq2d8b.jpg]
[vasanashop.com/cdn/shop/products/S88ec8e94b1a44de385a2cac0044c3097c3721.jpg]
[vasanashop.com/cdn/shop/products/S7366c421e7c749c3a985f55bd8443009Xe20f.jpg]
[vasanashop.com/cdn/shop/products/H8b7425af1b6949ec9d872b7783ddf7f3Vdbdd.jpg]
[vasanashop.com/cdn/shop/products/H26cf87af05674ec88cdfb6ba98069203w7242.jpg]
[vasanashop.com/cdn/shop/products/H22203a10212f456c88f8df94a6bb41c9zf6c1.jpg]
[vasanashop.com/cdn/shop/products/H45f90e3369e9461691c0f3a02bc8e657568ed.jpg]
[vasanashop.com/cdn/shop/products/H25e0b147534947249ab84a1f1c6b77dapac7f.jpg]
[vasanashop.com/cdn/shop/products/H09a576da657d4cc1bb6c07872ca4e563h59f2.jpg]
[vasanashop.com/cdn/shop/products/He97fa44f9af64a008a6de2e93dfcc52cu797f.jpg]
[vasanashop.com/cdn/shop/products/Ha8578663c2e74b75b46c90fef1f3204fq947a.jpg]
[vasanashop.com/cdn/shop/products/S88ec8e94b1a44de385a2cac0044c3097c988e.jpg]
[vasanashop.com/cdn/shop/products/S7366c421e7c749c3a985f55bd8443009X93d3.jpg]
[vasanashop.com/cdn/shop/products/H8b7425af1b6949ec9d872b7783ddf7f3V1665.jpg]
[vasanashop.com/cdn/shop/products/H26cf87af05674ec88cdfb6ba98069203w1d43.jpg]
[vasanashop.com/products/minimalist-tissue-box.html]
[vasanashop.com/cdn/shop/products/H22203a10212f456c88f8df94a6bb41c9z0943.jpg]
[vasanashop.com/products/premium-herb-keeper.oembed]
[vasanashop.com/cdn/shop/products/S975951b53eeb45d5a1d7484eea6776beC607b.jpg]
[vasanashop.com/cdn/shop/products/Sf08d4f1dedb84f75bf463a671206ef64J00a3.jpg]
[vasanashop.com/cdn/shop/products/Sb2cffc86b1d54c0b868b1f98d51a29a3P607b.jpg]
[vasanashop.com/cdn/shop/products/S9ace675223634ef5852eb9b0c288a8b2K607b.jpg]
[vasanashop.com/cdn/shop/products/S8732c52dc6224a9f890c23df696814bf4607b.jpg]
[vasanashop.com/cdn/shop/products/S118a26e4106a47fd929f070acd2cb483v607b.jpg]
[vasanashop.com/cdn/shop/products/S975951b53eeb45d5a1d7484eea6776beC26a9.jpg]
[vasanashop.com/cdn/shop/products/Sf08d4f1dedb84f75bf463a671206ef64J3640.jpg]
[vasanashop.com/cdn/shop/products/Sb2cffc86b1d54c0b868b1f98d51a29a3P26a9.jpg]
[vasanashop.com/cdn/shop/products/S9ace675223634ef5852eb9b0c288a8b2K26a9.jpg]
[vasanashop.com/cdn/shop/products/S8732c52dc6224a9f890c23df696814bf426a9.jpg]
[vasanashop.com/products/premium-herb-keeper.html]
[vasanashop.com/cdn/shop/products/S118a26e4106a47fd929f070acd2cb483v26a9.jpg]
